Log file open, 10/05/14 20:10:50
LogInit:Display: Running engine for game: FirstGame
LogInit: Version: 4.4.3-2296771+++depot+UE4-Releases+4.4
LogInit: API Version: 2255576
LogInit: Compiled (64-bit): Sep 13 2014 22:30:58
LogInit: Build Configuration: Development
LogInit: Branch Name: ++depot+UE4-Releases+4.4
LogInit: Command line:  
LogInit: Base directory: M:/UDK/Unreal Engine/4.4/Engine/Binaries/Win64/
LogInit: Rocket: 1
[2014.10.05-18.10.50:605][  0]LogTaskGraph: Started task graph with 3 named threads and 4 total threads.
[2014.10.05-18.10.50:645][  0]LogOnline:Warning: No default platform service specified for OnlineSubsystem
[2014.10.05-18.10.50:665][  0]LogInit: Presizing for 0 objects not considered by GC, pre-allocating 0 bytes.
[2014.10.05-18.10.50:685][  0]LogInit: Object subsystem initialized
[2014.10.05-18.10.50:690][  0]LogInit: Selected Device Profile: [Windows]
[2014.10.05-18.10.50:690][  0]LogInit: Applying CVar settings loaded from the selected device profile: [Windows]
[2014.10.05-18.10.50:704][  0]LogInit: Computer: ADMIN-PC
[2014.10.05-18.10.50:704][  0]LogInit: User: admin
[2014.10.05-18.10.50:706][  0]LogInit: CPU Page size=4096, Cores=4
[2014.10.05-18.10.50:706][  0]LogInit: High frequency timer resolution =3.326113 MHz
[2014.10.05-18.10.50:706][  0]LogMemory: Memory total: Physical=15.9GB (16GB approx) Virtual=8192.0GB
[2014.10.05-18.10.50:707][  0]LogMemory: Platform Memory Stats for Windows
[2014.10.05-18.10.50:707][  0]LogMemory: Process Physical Memory: 62.76 MB used, 62.76 MB peak
[2014.10.05-18.10.50:707][  0]LogMemory: Process Virtual Memory: 38.34 MB used, 41.60 MB peak
[2014.10.05-18.10.50:707][  0]LogMemory: Physical Memory: 6352.05 MB used, 16320.65 MB total
[2014.10.05-18.10.50:707][  0]LogMemory: Virtual Memory: 261.25 MB used, 8388608.00 MB total
[2014.10.05-18.10.50:784][  0]LogD3D11RHI: Found D3D11 adapter 0: NVIDIA GeForce GTX 770 (Feature Level 11_0)
[2014.10.05-18.10.50:784][  0]LogD3D11RHI: Adapter has 1990MB of dedicated video memory, 0MB of dedicated system memory, and 2048MB of shared system memory, 1 output[s]
[2014.10.05-18.10.50:784][  0]LogD3D11RHI: Chosen D3D11 Adapter Id = 0
[2014.10.05-18.10.50:797][  0]LogRHI: Texture pool is 1361 MB (70% of 1945 MB)
[2014.10.05-18.10.50:815][  0]LogD3D11RHI: Async texture creation enabled
[2014.10.05-18.10.50:889][  0]LogTextLocalizationManager:Warning: The selected culture 'de_DE' is not available; falling back to 'en'
[2014.10.05-18.10.51:106][  0]LogContentStreaming: Texture pool size is 0.000000MB
[2014.10.05-18.10.55:598][  0]LogTargetPlatformManager:Display: Building Assets For Windows
[2014.10.05-18.10.56:768][  0]LogTargetPlatformManager:Display: Building Assets For Windows
[2014.10.05-18.10.56:865][  0]LogDerivedDataCache:Display: Max Cache Size: 512 MB
[2014.10.05-18.10.57:021][  0]LogDerivedDataCache: Loaded boot cache 0.16s 39MB C:/Users/admin/AppData/Local/UnrealEngine/4.4/DerivedDataCache/Boot.ddc.
[2014.10.05-18.10.57:021][  0]LogDerivedDataCache:Display: Loaded Boot cache: C:/Users/admin/AppData/Local/UnrealEngine/4.4/DerivedDataCache/Boot.ddc
[2014.10.05-18.10.57:021][  0]LogDerivedDataCache: FDerivedDataBackendGraph:  Pak pak cache file N:/UnrealProject/EpicGames/First-Game/DerivedDataCache/DDC.ddp not found, will not use a pak cache.
[2014.10.05-18.10.57:021][  0]LogDerivedDataCache: Unable to find inner node Pak for hierarchical cache Hierarchy.
[2014.10.05-18.10.57:082][  0]LogDerivedDataCache:Display: Pak cache opened for reading ../../../Engine/DerivedDataCache/DDC.ddp.
[2014.10.05-18.10.57:095][  0]LogDerivedDataCache: Using Local data cache path C:/Users/admin/AppData/Local/UnrealEngine/4.4/DerivedDataCache: Writable
[2014.10.05-18.10.57:518][  0]LogMeshUtilities: No automatic mesh reduction module available
[2014.10.05-18.10.57:518][  0]LogMeshUtilities: No automatic mesh merging module available
[2014.10.05-18.10.58:461][  0]LogInit: WinSock: version 1.1 (2.2), MaxSocks=32767, MaxUdp=65467
[2014.10.05-18.11.00:539][  0]LogStats:Warning: MetaData mismatch. Did you assign a stat to two groups? New //STATGROUP_Threads//FMonitoredProcess///Thread_89c_0///////STATCAT_Advanced//// old //STATGROUP_Threads//FMonitoredProcess///Thread_112c_0///////STATCAT_Advanced////
[2014.10.05-18.11.00:539][  0]UdpMessaging: Initializing bridge on interface 0.0.0.0:0 to multicast group 230.0.0.1:6666.
[2014.10.05-18.11.00:750][  0]SourceControl: Info Source control is disabled
[2014.10.05-18.11.00:750][  0]SourceControl: Info Source control is disabled
[2014.10.05-18.11.00:763][  0]SourceControl: Info Source control is disabled
[2014.10.05-18.11.01:143][  0]BlueprintLog: New page: Editor Load
[2014.10.05-18.11.01:350][  0]LogObj: 21438 objects as part of root set at end of initial load.
[2014.10.05-18.11.01:350][  0]LogUObjectAllocator: 4218656 out of 0 bytes used by permanent object pool.
[2014.10.05-18.11.01:872][  0]LogEngine: Initializing Engine...
[2014.10.05-18.11.02:110][  0]LogInit: XAudio2 using 'Lautsprecher (2- Logitech USB Headset)' : 2 channels at 44.1 kHz using 16 bits per sample (channel mask 0x3)
[2014.10.05-18.11.02:173][  0]LogInit: FAudioDevice initialized.
[2014.10.05-18.11.02:204][  0]LogAIModule: Creating AISystem for world NewWorld
[2014.10.05-18.11.02:245][  0]LogDerivedDataCache: Saved boot cache 0.04s 39MB C:/Users/admin/AppData/Local/UnrealEngine/4.4/DerivedDataCache/Boot.ddc.
[2014.10.05-18.11.02:251][  0]LogInit: Texture streaming: Enabled
[2014.10.05-18.11.02:304][  0]LogInit: Transaction tracking system initialized
[2014.10.05-18.11.02:474][  0]LogAssetRegistry: FAssetRegistry took 0.0101 seconds to start up
[2014.10.05-18.11.03:454][  0]LogTargetPlatformManager:Display: Building Assets For Windows
[2014.10.05-18.11.04:155][  0]LogTargetPlatformManager:Display: Building Assets For Windows
[2014.10.05-18.11.04:364][  0]LogConsoleResponse:Display: 
[2014.10.05-18.11.04:639][  0]LogStats:Warning: MetaData mismatch. Did you assign a stat to two groups? New //STATGROUP_Threads//FMonitoredProcess///Thread_2d74_0///////STATCAT_Advanced//// old //STATGROUP_Threads//FMonitoredProcess///Thread_112c_0///////STATCAT_Advanced////
[2014.10.05-18.11.04:639][  0]LogStats:Warning: MetaData mismatch. Did you assign a stat to two groups? New //STATGROUP_Threads//FMonitoredProcess///Thread_2f98_0///////STATCAT_Advanced//// old //STATGROUP_Threads//FMonitoredProcess///Thread_112c_0///////STATCAT_Advanced////
[2014.10.05-18.11.04:639][  0]SourceControl: Info Source control is disabled
[2014.10.05-18.11.04:639][  0]Cmd: MAP LOAD FILE="N:/UnrealProject/EpicGames/First-Game/Content/Maps/Example_Map.umap" TEMPLATE=0 SHOWPROGRESS=1
[2014.10.05-18.11.04:640][  0]LightingResults: New page: Lighting Build
[2014.10.05-18.11.04:652][  0]MapCheck: New page: Map Check
[2014.10.05-18.11.04:652][  0]LightingResults: New page: Lighting Build
[2014.10.05-18.11.04:679][  0]LogParticles: Destroying 0 GPU particle simulations for FXSystem 0x0000000013018360
[2014.10.05-18.11.05:957][  0]BlueprintLog:Warning: Warning Blueprint MyHUD has been migrated and requires re-saving to avoid import errors
[2014.10.05-18.11.05:985][  0]BlueprintLog:Warning: Warning Blueprint MyGame has been migrated and requires re-saving to avoid import errors
[2014.10.05-18.11.05:999][  0]LogEditorServer: Finished looking for orphan Actors (0.000 secs)
[2014.10.05-18.11.06:000][  0]LogAIModule: Creating AISystem for world Example_Map
[2014.10.05-18.11.06:000][  0]Cmd: MAP CHECKDEP
[2014.10.05-18.11.06:000][  0]MapCheck: New page: Example_Map - Oct 5, 2014, 10:11:06 PM
[2014.10.05-18.11.06:146][  0]MapCheck: Info ========== Map Check: 0 Error(s), 0 Warning(s), [145.818ms] ==========
[2014.10.05-18.11.06:146][  0]LogFileHelpers: Loading map 'Example_Map' took 1.507
[2014.10.05-18.11.06:291][  0]LogCollectionManager: Loaded 0 collections in 0.002303 seconds
[2014.10.05-18.11.06:558][  0]LogCrashTracker: Crashtracker disabled due to settings.
[2014.10.05-18.11.06:614][  0]LogLoad: Full Startup: 18.93 seconds (BP compile: 0.50 seconds)
[2014.10.05-18.11.06:632][  0]LogContentBrowser:Verbose: The content browser source was changed by the sources view to '/Engine/EngineSky'
[2014.10.05-18.11.06:896][  0]LogRenderer:Warning: Reallocating scene render targets to support 840x840.
[2014.10.05-18.11.07:401][  7]LogAssetRegistry: Asset discovery search completed in 4.9373 seconds
[2014.10.05-18.11.46:716][758]LogPlayLevel: PIE:  No blueprints needed recompiling
[2014.10.05-18.11.46:716][758]PIE: New page: PIE session: Example_Map (Oct 5, 2014, 10:11:46 PM)
[2014.10.05-18.11.46:797][758]LogPlayLevel: PIE: StaticDuplicateObject took: (0.080812s)
[2014.10.05-18.11.46:801][758]LogPlayLevel: PIE: World Init took: (0.003697s)
[2014.10.05-18.11.46:802][758]LogPlayLevel: PIE: Created PIE world by copying editor world from /Game/Maps/Example_Map.Example_Map to /Game/Maps/UEDPIE_0_Example_Map.Example_Map (0.085238s)
[2014.10.05-18.11.46:889][758]LogWorld: Game class is 'MyGame_C'
[2014.10.05-18.11.46:894][758]LogAIModule: Creating AISystem for world Example_Map
[2014.10.05-18.11.46:898][758]LogWorld: Bringing World /Game/Maps/UEDPIE_0_Example_Map.Example_Map up for play (max tick rate 0) at 2014.10.05-20.11.46
[2014.10.05-18.11.46:899][758]LogWorld: Bringing up level for play took: 0.004853
[2014.10.05-18.11.46:906][758]PIE: Info Play in editor start time for /Game/Maps/UEDPIE_0_Example_Map 0.018
[2014.10.05-18.11.47:071][759]LogRenderer:Warning: Reallocating scene render targets to support 840x848.
[2014.10.05-18.11.50:069][910]LogParticles: Destroying 0 GPU particle simulations for FXSystem 0x000000001DD63240
[2014.10.05-18.11.54:799][187]LogEditorActor: Deleted Actor: LightmassImportanceVolume
[2014.10.05-18.11.54:861][187]LogEditorActor: Deleted 1 Actors (0.066 secs)
[2014.10.05-18.11.56:533][272]Cmd: TRANSACTION UNDO
[2014.10.05-18.11.56:533][272]LogEditorTransaction: Undo Delete selection
[2014.10.05-18.11.57:044][272]LogWindows:Error: appError called: Assertion failed: (Index >= 0) & (Index < ArrayNum) [File:D:\BuildFarm\buildmachine_++depot+UE4-Releases+4.4\Engine\Source\Runtime\Core\Public\Containers\Array.h] [Line: 536]
Array index out of bounds: 3 from an array of size -572662307
Stack:
Address = 0xd11e5216 (filename not found) [in M:\UDK\Unreal Engine\4.4\Engine\Binaries\Win64\UE4Editor-Core.dll]
Address = 0xd1068615 (filename not found) [in M:\UDK\Unreal Engine\4.4\Engine\Binaries\Win64\UE4Editor-Core.dll]
Address = 0xcaf7d0de (filename not found) [in M:\UDK\Unreal Engine\4.4\Engine\Binaries\Win64\UE4Editor-Renderer.dll]
Address = 0xcaf67915 (filename not found) [in M:\UDK\Unreal Engine\4.4\Engine\Binaries\Win64\UE4Editor-Renderer.dll]
Address = 0xcaf8874c (filename not found) [in M:\UDK\Unreal Engine\4.4\Engine\Binaries\Win64\UE4Editor-Renderer.dll]
Address = 0xcae25360 (filename not found) [in M:\UDK\Unreal Engine\4.4\Engine\Binaries\Win64\UE4Editor-Renderer.dll]
Address = 0xcafa0834 (filename not found) [in M:\UDK\Unreal Engine\4.4\Engine\Binaries\Win64\UE4Editor-Renderer.dll]
Address = 0xcaf76972 (filename not found) [in M:\UDK\Unreal Engine\4.4\Engine\Binaries\Win64\UE4Editor-Renderer.dll]
Address = 0xd0fa7002 (filename not found) [in M:\UDK\Unreal Engine\4.4\Engine\Binaries\Win64\UE4Editor-Core.dll]
Address = 0xd0fa718d (filename not found) [in M:\UDK\Unreal Engine\4.4\Engine\Binaries\Win64\UE4Editor-Core.dll]
Address = 0xd8cfc353 (filename not found) [in M:\UDK\Unreal Engine\4.4\Engine\Binaries\Win64\UE4Editor-RenderCore.dll]
Address = 0xd8cfc7e9 (filename not found) [in M:\UDK\Unreal Engine\4.4\Engine\Binaries\Win64\UE4Editor-RenderCore.dll]
Address = 0xd11e2ca6 (filename not found) [in M:\UDK\Unreal Engine\4.4\Engine\Binaries\Win64\UE4Editor-Core.dll]
Address = 0xd11dc26d (filename not found) [in M:\UDK\Unreal Engine\4.4\Engine\Binaries\Win64\UE4Editor-Core.dll]
Address = 0x76c759ed (filename not found) [in C:\Windows\system32\kernel32.dll]
Address = 0x76eac541 (filename not found) [in C:\Windows\SYSTEM32\ntdll.dll]
Address = 0x76eac541 (filename not found) [in C:\Windows\SYSTEM32\ntdll.dll]

[2014.10.05-18.11.57:044][272]LogWindows:Error: Windows GetLastError: Der Vorgang wurde erfolgreich beendet. (0)
[2014.10.05-18.11.57:044][272]LogCrashTracker: 


[2014.10.05-18.11.57:591][272]LogWindows:Error: appError called: Rendering thread exception:
Assertion failed: (Index >= 0) & (Index < ArrayNum) [File:D:\BuildFarm\buildmachine_++depot+UE4-Releases+4.4\Engine\Source\Runtime\Core\Public\Containers\Array.h] [Line: 536]
Array index out of bounds: 3 from an array of size -572662307
Stack:
Address = 0xd11e5216 (filename not found) [in M:\UDK\Unreal Engine\4.4\Engine\Binaries\Win64\UE4Editor-Core.dll]
Address = 0xd1068615 (filename not found) [in M:\UDK\Unreal Engine\4.4\Engine\Binaries\Win64\UE4Editor-Core.dll]
Address = 0xcaf7d0de (filename not found) [in M:\UDK\Unreal Engine\4.4\Engine\Binaries\Win64\UE4Editor-Renderer.dll]
Address = 0xcaf67915 (filename not found) [in M:\UDK\Unreal Engine\4.4\Engine\Binaries\Win64\UE4Editor-Renderer.dll]
Address = 0xcaf8874c (filename not found) [in M:\UDK\Unreal Engine\4.4\Engine\Binaries\Win64\UE4Editor-Renderer.dll]
Address = 0xcae25360 (filename not found) [in M:\UDK\Unreal Engine\4.4\Engine\Binaries\Win64\UE4Editor-Renderer.dll]
Address = 0xcafa0834 (filename not found) [in M:\UDK\Unreal Engine\4.4\Engine\Binaries\Win64\UE4Editor-Renderer.dll]
Address = 0xcaf76972 (filename not found) [in M:\UDK\Unreal Engine\4.4\Engine\Binaries\Win64\UE4Editor-Renderer.dll]
Address = 0xd0fa7002 (filename not found) [in M:\UDK\Unreal Engine\4.4\Engine\Binaries\Win64\UE4Editor-Core.dll]
Address = 0xd0fa718d (filename not found) [in M:\UDK\Unreal Engine\4.4\Engine\Binaries\Win64\UE4Editor-Core.dll]
Address = 0xd8cfc353 (filename not found) [in M:\UDK\Unreal Engine\4.4\Engine\Binaries\Win64\UE4Editor-RenderCore.dll]
Address = 0xd8cfc7e9 (filename not found) [in M:\UDK\Unreal Engine\4.4\Engine\Binaries\Win64\UE4Editor-RenderCore.dll]
Address = 0xd11e2ca6 (filename not found) [in M:\UDK\Unreal Engine\4.4\Engine\Binaries\Win64\UE4Editor-Core.dll]
Address = 0xd11dc26d (filename not found) [in M:\UDK\Unreal Engine\4.4\Engine\Binaries\Win64\UE4Editor-Core.dll]
Address = 0x76c759ed (filename not found) [in C:\Windows\system32\kernel32.dll]
Address = 0x76eac541 (filename not found) [in C:\Windows\SYSTEM32\ntdll.dll]
Address = 0x76eac541 (filename not found) [in C:\Windows\SYSTEM32\ntdll.dll]



[2014.10.05-18.11.57:591][272]LogWindows:Error: Windows GetLastError: Der Vorgang wurde erfolgreich beendet. (0)
[2014.10.05-18.11.57:591][272]LogCrashTracker: 


[2014.10.05-18.11.57:591][272]LogWindows: === Critical error: ===


[2014.10.05-18.11.57:592][272]LogWindows: Rendering thread exception:
Assertion failed: (Index >= 0) & (Index < ArrayNum) [File:D:\BuildFarm\buildmachine_++depot+UE4-Releases+4.4\Engine\Source\Runtime\Core\Public\Containers\Array.h] [Line: 536]
Array index out of bounds: 3 from an array of size -572662307
Stack:
Address = 0xd11e5216 (filename not found) [in M:\UDK\Unreal Engine\4.4\Engine\Binaries\Win64\UE4Editor-Core.dll]
Address = 0xd1068615 (filename not found) [in M:\UDK\Unreal Engine\4.4\Engine\Binaries\Win64\UE4Editor-Core.dll]
Address = 0xcaf7d0de (filename not found) [in M:\UDK\Unreal Engine\4.4\Engine\Binaries\Win64\UE4Editor-Renderer.dll]
Address = 0xcaf67915 (filename not found) [in M:\UDK\Unreal Engine\4.4\Engine\Binaries\Win64\UE4Editor-Renderer.dll]
Address = 0xcaf8874c (filename not found) [in M:\UDK\Unreal Engine\4.4\Engine\Binaries\Win64\UE4Editor-Renderer.dll]
Address = 0xcae25360 (filename not found) [in M:\UDK\Unreal Engine\4.4\Engine\Binaries\Win64\UE4Editor-Renderer.dll]
Address = 0xcafa0834 (filename not found) [in M:\UDK\Unreal Engine\4.4\Engine\Binaries\Win64\UE4Editor-Renderer.dll]
Address = 0xcaf76972 (filename not found) [in M:\UDK\Unreal Engine\4.4\Engine\Binaries\Win64\UE4Editor-Renderer.dll]
Address = 0xd0fa7002 (filename not found) [in M:\UDK\Unreal Engine\4.4\Engine\Binaries\Win64\UE4Editor-Core.dll]
Address = 0xd0fa718d (filename not found) [in M:\UDK\Unreal Engine\4.4\Engine\Binaries\Win64\UE4Editor-Core.dll]
Address = 0xd8cfc353 (filename not found) [in M:\UDK\Unreal Engine\4.4\Engine\Binaries\Win64\UE4Editor-RenderCore.dll]
Address = 0xd8cfc7e9 (filename not found) [in M:\UDK\Unreal Engine\4.4\Engine\Binaries\Win64\UE4Editor-RenderCore.dll]
Address = 0xd11e2ca6 (filename not found) [in M:\UDK\Unreal Engine\4.4\Engine\Binaries\Win64\UE4Editor-Core.dll]
Address = 0xd11dc26d (filename not found) [in M:\UDK\Unreal Engine\4.4\Engine\Binaries\Win64\UE4Editor-Core.dll]
Address = 0x76c759ed (filename not found) [in C:\Windows\system32\kernel32.dll]
Address = 0x76eac541 (filename not found) [in C:\Windows\SYSTEM32\ntdll.dll]
Address = 0x76eac541 (filename not found) [in C:\Windows\SYSTEM32\ntdll.dll]





[2014.10.05-18.11.57:760][272]LogExit: Executing StaticShutdownAfterError
[2014.10.05-18.11.57:778][272]LogWindows: FPlatformMisc::RequestExit(1)
[2014.10.05-18.11.57:778][272]Log file closed, 10/05/14 20:11:57
