Log file open, 09/27/14 16:26:55
LogInit:Display: Running engine for game: FirstGame
LogInit: Version: 4.4.3-2296771+++depot+UE4-Releases+4.4
LogInit: API Version: 2255576
LogInit: Compiled (64-bit): Sep 13 2014 22:30:58
LogInit: Build Configuration: Development
LogInit: Branch Name: ++depot+UE4-Releases+4.4
LogInit: Command line:  
LogInit: Base directory: D:/Programme/Unreal Engine/4.4/Engine/Binaries/Win64/
LogInit: Rocket: 1
[2014.09.27-14.26.55:544][  0]LogTaskGraph: Started task graph with 3 named threads and 4 total threads.
[2014.09.27-14.26.55:568][  0]LogOnline:Warning: No default platform service specified for OnlineSubsystem
[2014.09.27-14.26.55:866][  0]LogInit: Presizing for 0 objects not considered by GC, pre-allocating 0 bytes.
[2014.09.27-14.26.55:870][  0]LogInit: Object subsystem initialized
[2014.09.27-14.26.55:872][  0]LogInit: Selected Device Profile: [Windows]
[2014.09.27-14.26.55:872][  0]LogInit: Applying CVar settings loaded from the selected device profile: [Windows]
[2014.09.27-14.26.56:013][  0]LogInit: Computer: MASTERPC
[2014.09.27-14.26.56:013][  0]LogInit: User: Endero
[2014.09.27-14.26.56:014][  0]LogInit: CPU Page size=4096, Cores=4
[2014.09.27-14.26.56:014][  0]LogInit: High frequency timer resolution =3.513603 MHz
[2014.09.27-14.26.56:014][  0]LogMemory: Memory total: Physical=15.9GB (16GB approx) Virtual=8192.0GB
[2014.09.27-14.26.56:014][  0]LogMemory: Platform Memory Stats for Windows
[2014.09.27-14.26.56:014][  0]LogMemory: Process Physical Memory: 62.54 MB used, 62.54 MB peak
[2014.09.27-14.26.56:014][  0]LogMemory: Process Virtual Memory: 38.35 MB used, 38.35 MB peak
[2014.09.27-14.26.56:014][  0]LogMemory: Physical Memory: 6178.33 MB used, 16321.48 MB total
[2014.09.27-14.26.56:014][  0]LogMemory: Virtual Memory: 261.26 MB used, 8388608.00 MB total
[2014.09.27-14.26.56:045][  0]LogD3D11RHI: Found D3D11 adapter 0: AMD Radeon R9 200 Series (Feature Level 11_0)
[2014.09.27-14.26.56:045][  0]LogD3D11RHI: Adapter has 2022MB of dedicated video memory, 0MB of dedicated system memory, and 7904MB of shared system memory, 2 output[s]
[2014.09.27-14.26.56:045][  0]LogD3D11RHI: Chosen D3D11 Adapter Id = 0
[2014.09.27-14.26.56:049][  0]LogRHI: Texture pool is 1361 MB (70% of 1945 MB)
[2014.09.27-14.26.56:052][  0]LogD3D11RHI: Async texture creation disabled: no driver support
[2014.09.27-14.26.56:769][  0]LogTextLocalizationManager:Warning: The selected culture 'de_CH' is not available; falling back to 'en'
[2014.09.27-14.26.57:588][  0]LogContentStreaming: Texture pool size is 0.000000MB
[2014.09.27-14.27.10:551][  0]LogTargetPlatformManager:Display: Building Assets For Windows
[2014.09.27-14.27.12:607][  0]LogTargetPlatformManager:Display: Building Assets For Windows
[2014.09.27-14.27.12:629][  0]LogDerivedDataCache:Display: Max Cache Size: 512 MB
[2014.09.27-14.27.12:750][  0]LogDerivedDataCache: Loaded boot cache 0.12s 39MB C:/Users/Endero/AppData/Local/UnrealEngine/4.4/DerivedDataCache/Boot.ddc.
[2014.09.27-14.27.12:750][  0]LogDerivedDataCache:Display: Loaded Boot cache: C:/Users/Endero/AppData/Local/UnrealEngine/4.4/DerivedDataCache/Boot.ddc
[2014.09.27-14.27.12:750][  0]LogDerivedDataCache: FDerivedDataBackendGraph:  Pak pak cache file ../../../../../../Github/UnrealEngine/First-Game/DerivedDataCache/DDC.ddp not found, will not use a pak cache.
[2014.09.27-14.27.12:750][  0]LogDerivedDataCache: Unable to find inner node Pak for hierarchical cache Hierarchy.
[2014.09.27-14.27.13:292][  0]LogDerivedDataCache:Display: Pak cache opened for reading ../../../Engine/DerivedDataCache/DDC.ddp.
[2014.09.27-14.27.13:303][  0]LogDerivedDataCache: Using Local data cache path C:/Users/Endero/AppData/Local/UnrealEngine/4.4/DerivedDataCache: Writable
[2014.09.27-14.27.28:502][  0]LogMeshUtilities: No automatic mesh reduction module available
[2014.09.27-14.27.28:502][  0]LogMeshUtilities: No automatic mesh merging module available
[2014.09.27-14.27.29:838][  0]LogInit: WinSock: version 1.1 (2.2), MaxSocks=32767, MaxUdp=65467
[2014.09.27-14.28.21:408][  0]LogStats:Warning: MetaData mismatch. Did you assign a stat to two groups? New //STATGROUP_Threads//FMonitoredProcess///Thread_1c4c_0///////STATCAT_Advanced//// old //STATGROUP_Threads//FMonitoredProcess///Thread_1a68_0///////STATCAT_Advanced////
[2014.09.27-14.28.21:409][  0]UdpMessaging: Initializing bridge on interface 0.0.0.0:0 to multicast group 230.0.0.1:6666.
[2014.09.27-14.28.21:887][  0]SourceControl: Info Source control is disabled
[2014.09.27-14.28.21:887][  0]SourceControl: Info Source control is disabled
[2014.09.27-14.28.21:890][  0]SourceControl: Info Source control is disabled
[2014.09.27-14.28.24:549][  0]BlueprintLog: New page: Editor Load
[2014.09.27-14.28.26:431][  0]LogObj: 21438 objects as part of root set at end of initial load.
[2014.09.27-14.28.26:431][  0]LogUObjectAllocator: 4218656 out of 0 bytes used by permanent object pool.
[2014.09.27-14.28.27:833][  0]LogAutomationTest:Warning: Smoke tests took > 1s to run: 1.19s
[2014.09.27-14.28.27:834][  0]LogEngine: Initializing Engine...
[2014.09.27-14.28.27:908][  0]LogInit: XAudio2 using 'Lautsprecher (2- Wireless Stereo Headset)' : 2 channels at 44.1 kHz using 16 bits per sample (channel mask 0x3)
[2014.09.27-14.28.27:916][  0]LogInit: FAudioDevice initialized.
[2014.09.27-14.28.27:987][  0]LogAIModule: Creating AISystem for world NewWorld
[2014.09.27-14.28.27:993][  0]LogDerivedDataCache:Error: Could not save memory cache C:/Users/Endero/AppData/Local/UnrealEngine/4.4/DerivedDataCache/Boot.ddc.
[2014.09.27-14.28.27:996][  0]LogInit: Texture streaming: Enabled
[2014.09.27-14.28.28:105][  0]LogInit: Transaction tracking system initialized
[2014.09.27-14.28.29:318][  0]LogAssetRegistry: FAssetRegistry took 0.0101 seconds to start up
[2014.09.27-14.28.32:147][  0]LogTargetPlatformManager:Display: Building Assets For Windows
[2014.09.27-14.28.32:455][  0]LogTargetPlatformManager:Display: Building Assets For Windows
[2014.09.27-14.28.33:891][  0]LogConsoleResponse:Display: 
[2014.09.27-14.28.36:997][  0]LogStats:Warning: MetaData mismatch. Did you assign a stat to two groups? New //STATGROUP_Threads//FMonitoredProcess///Thread_22d4_0///////STATCAT_Advanced//// old //STATGROUP_Threads//FMonitoredProcess///Thread_1a68_0///////STATCAT_Advanced////
[2014.09.27-14.28.36:997][  0]LogStats:Warning: MetaData mismatch. Did you assign a stat to two groups? New //STATGROUP_Threads//FMonitoredProcess///Thread_d84_0///////STATCAT_Advanced//// old //STATGROUP_Threads//FMonitoredProcess///Thread_1a68_0///////STATCAT_Advanced////
[2014.09.27-14.28.36:997][  0]SourceControl: Info Source control is disabled
[2014.09.27-14.28.36:997][  0]Cmd: MAP LOAD FILE="../../../../../../Github/UnrealEngine/First-Game/Content/Maps/Example_Map.umap" TEMPLATE=0 SHOWPROGRESS=1
[2014.09.27-14.28.37:080][  0]LightingResults: New page: Lighting Build
[2014.09.27-14.28.37:084][  0]MapCheck: New page: Map Check
[2014.09.27-14.28.37:084][  0]LightingResults: New page: Lighting Build
[2014.09.27-14.28.37:095][  0]LogParticles: Destroying 0 GPU particle simulations for FXSystem 0x00000000165FC680
[2014.09.27-14.28.37:964][  0]BlueprintLog:Warning: Warning Blueprint MyHUD has been migrated and requires re-saving to avoid import errors
[2014.09.27-14.28.37:964][  0]BlueprintLog:Warning: Warning Blueprint MyGame has been migrated and requires re-saving to avoid import errors
[2014.09.27-14.28.38:419][  0]LogEditorServer: Finished looking for orphan Actors (0.000 secs)
[2014.09.27-14.28.38:419][  0]LogAIModule: Creating AISystem for world Example_Map
[2014.09.27-14.28.38:419][  0]Cmd: MAP CHECKDEP
[2014.09.27-14.28.38:419][  0]MapCheck: New page: Example_Map - Sep 27, 2014, 6:28:38 PM
[2014.09.27-14.28.38:449][  0]MapCheck: Info ========== Map Check: 0 Error(s), 0 Warning(s), [29.892ms] ==========
[2014.09.27-14.28.38:449][  0]LogFileHelpers: Loading map 'Example_Map' took 1.452
[2014.09.27-14.28.39:072][  0]LogCollectionManager: Loaded 0 collections in 0.000702 seconds
[2014.09.27-14.28.45:908][  0]LogCrashTracker: Crashtracker disabled due to settings.
[2014.09.27-14.28.45:952][  0]LogLoad: Full Startup: 122.72 seconds (BP compile: 0.07 seconds)
[2014.09.27-14.28.45:967][  0]LogContentBrowser:Verbose: The content browser source was changed by the sources view to '/Game/Blueprints'
[2014.09.27-14.28.46:561][  0]LogRenderer:Warning: Reallocating scene render targets to support 960x912.
[2014.09.27-14.28.46:788][  2]LogAssetRegistry: Asset discovery search completed in 17.4803 seconds
[2014.09.27-14.31.35:853][821]LogContentBrowser:Verbose: The content browser source was changed by the sources view to '/Game/Architecture'
[2014.09.27-14.31.36:764][874]LogContentBrowser:Verbose: The content browser source was changed by the sources view to '/Game/Blueprints'
[2014.09.27-14.31.37:919][939]LogContentBrowser:Verbose: The content browser source was changed by the sources view to '/Game/Animations'
[2014.09.27-14.31.38:656][998]LogContentBrowser:Verbose: The content browser source was changed by the sources view to '/Game/Animations/Blueprints'
[2014.09.27-14.31.41:858][ 79]LogSkeletalMesh: InitArticulated: Bodies already created (/Engine/Transient.DebugSkelMeshComponent_0) - call TermArticulated first.
[2014.09.27-14.32.20:729][167]LogContentBrowser:Verbose: The content browser source was changed by the sources view to '/Game/Architecture'
[2014.09.27-14.32.21:311][211]LogContentBrowser:Verbose: The content browser source was changed by the sources view to '/Game/Audio'
[2014.09.27-14.32.22:348][226]LogContentBrowser:Verbose: The content browser source was changed by the sources view to '/Game/Blueprints'
[2014.09.27-14.32.30:697][682]LogActorComponent: UnregisterComponent: (/Engine/Transient.CharacterMovementComponent_0) Not registered. Aborting.
[2014.09.27-14.32.32:443][795]BlueprintLog: New page: Compile MyCharacter
[2014.09.27-14.32.32:685][795]LogActorComponent: UnregisterComponent: (/Engine/Transient.CharacterMovementComponent_1) Not registered. Aborting.
[2014.09.27-14.32.32:749][795]LogParticles: Destroying 0 GPU particle simulations for FXSystem 0x000000001EA5D9E0
[2014.09.27-14.32.32:749][795]LogParticles: Destroying 0 GPU particle simulations for FXSystem 0x0000000017B0F920
[2014.09.27-14.32.32:804][795]BlueprintEditorCompileResults: Info [0349.35] Compile of MyCharacter successful! [in 15 ms]
[2014.09.27-14.32.33:388][824]Cmd: OBJ SAVEPACKAGE PACKAGE="/Game/Blueprints/MyCharacter" FILE="../../../../../../Github/UnrealEngine/First-Game/Content/Blueprints/MyCharacter.uasset" SILENT=true
[2014.09.27-14.32.34:129][824]LogSavePackage: Save=657.099548ms
[2014.09.27-14.32.34:129][824]LogSavePackage: Moving '../../../../../../Github/UnrealEngine/First-Game/Saved/MyCharacter2860049E4E390694DD1CCCA2D6F435BB.tmp' to '../../../../../../Github/UnrealEngine/First-Game/Content/Blueprints/MyCharacter.uasset'
[2014.09.27-14.32.37:174][  8]LogPlayLevel: PIE:  No blueprints needed recompiling
[2014.09.27-14.32.37:274][  8]PIE: New page: PIE session: Example_Map (Sep 27, 2014, 6:32:37 PM)
[2014.09.27-14.32.37:395][  8]LogPlayLevel: PIE: StaticDuplicateObject took: (0.120882s)
[2014.09.27-14.32.37:396][  8]LogPlayLevel: PIE: World Init took: (0.000880s)
[2014.09.27-14.32.37:396][  8]LogPlayLevel: PIE: Created PIE world by copying editor world from /Game/Maps/Example_Map.Example_Map to /Game/Maps/UEDPIE_0_Example_Map.Example_Map (0.122033s)
[2014.09.27-14.32.37:736][  8]LogWorld: Game class is 'MyGame_C'
[2014.09.27-14.32.37:737][  8]LogAIModule: Creating AISystem for world Example_Map
[2014.09.27-14.32.37:791][  8]LogWorld: Bringing World /Game/Maps/UEDPIE_0_Example_Map.Example_Map up for play (max tick rate 0) at 2014.09.27-16.32.37
[2014.09.27-14.32.37:816][  8]LogWorld: Bringing up level for play took: 0.078215
[2014.09.27-14.32.37:986][  8]PIE: Info Play in editor start time for /Game/Maps/UEDPIE_0_Example_Map 1.209
[2014.09.27-14.32.45:737][588]LogActorComponent: UnregisterComponent: (/Engine/Transient.CharacterMovementComponent_2) Not registered. Aborting.
[2014.09.27-14.32.45:797][588]LogParticles: Destroying 0 GPU particle simulations for FXSystem 0x000000001D14B100
[2014.09.27-14.32.45:797][588]LogParticles: Destroying 0 GPU particle simulations for FXSystem 0x00000000054DBCE0
[2014.09.27-14.32.49:863][811]LogRenderer:Warning: Reallocating scene render targets to support 1392x912.
[2014.09.27-14.33.02:239][302]LogRenderer:Warning: Reallocating scene render targets to support 1392x936.
[2014.09.27-14.33.04:058][368]LogContentBrowser:Verbose: The content browser source was changed by the sources view to '/Game/Animations/Mycharacter'
[2014.09.27-14.33.04:537][380]LogContentBrowser:Verbose: The content browser source was changed by the sources view to '/Game/Animations/Blueprints'
[2014.09.27-14.33.25:631][570]LogActorComponent: UnregisterComponent: (/Engine/Transient.CharacterMovementComponent_3) Not registered. Aborting.
[2014.09.27-14.33.34:647][ 17]LogUObjectGlobals:Warning: Failed to find object 'Object None.'
[2014.09.27-14.33.34:647][ 17]LogWindows:Error: appError called: Objects have the same fully qualified name but different paths.
	New Object: SkeletalMeshComponent /Engine/Transient.Mesh
	Existing Object: ObjectRedirector /Engine/Transient.Mesh
[2014.09.27-14.33.34:647][ 17]LogWindows:Error: Windows GetLastError: Der Vorgang wurde erfolgreich beendet. (0)
[2014.09.27-14.33.36:189][ 17]LogCrashTracker: 


[2014.09.27-14.33.44:355][ 17]LogCrashTracker: 


[2014.09.27-14.33.44:355][ 17]LogWindows: === Critical error: ===
Unhandled Exception: 0x00000001

[2014.09.27-14.33.44:355][ 17]LogWindows: Objects have the same fully qualified name but different paths.
	New Object: SkeletalMeshComponent /Engine/Transient.Mesh
	Existing Object: ObjectRedirector /Engine/Transient.Mesh

Address = 0xfd48940d (filename not found) [in C:\Windows\system32\KERNELBASE.dll]
Address = 0xe7b53afc (filename not found) [in D:\Programme\Unreal Engine\4.4\Engine\Binaries\Win64\UE4Editor-Core.dll]
Address = 0xe79f5b2a (filename not found) [in D:\Programme\Unreal Engine\4.4\Engine\Binaries\Win64\UE4Editor-Core.dll]
Address = 0xe8a0cbc7 (filename not found) [in D:\Programme\Unreal Engine\4.4\Engine\Binaries\Win64\UE4Editor-CoreUObject.dll]
Address = 0xe8a0da6e (filename not found) [in D:\Programme\Unreal Engine\4.4\Engine\Binaries\Win64\UE4Editor-CoreUObject.dll]
Address = 0xd867e819 (filename not found) [in D:\Programme\Unreal Engine\4.4\Engine\Binaries\Win64\UE4Editor-UnrealEd.dll]
Address = 0xd42dc0a4 (filename not found) [in D:\Programme\Unreal Engine\4.4\Engine\Binaries\Win64\UE4Editor-Kismet.dll]
Address = 0xd42937b2 (filename not found) [in D:\Programme\Unreal Engine\4.4\Engine\Binaries\Win64\UE4Editor-Kismet.dll]
Address = 0xd42c75d2 (filename not found) [in D:\Programme\Unreal Engine\4.4\Engine\Binaries\Win64\UE4Editor-Kismet.dll]
Address = 0xdd1824d2 (filename not found) [in D:\Programme\Unreal Engine\4.4\Engine\Binaries\Win64\UE4Editor-Slate.dll]
Address = 0xdd2cf170 (filename not found) [in D:\Programme\Unreal Engine\4.4\Engine\Binaries\Win64\UE4Editor-Slate.dll]
Address = 0xdd2adef2 (filename not found) [in D:\Programme\Unreal Engine\4.4\Engine\Binaries\Win64\UE4Editor-Slate.dll]
Address = 0xe6ad4dc4 (filename not found) [in D:\Programme\Unreal Engine\4.4\Engine\Binaries\Win64\UE4Editor-SlateCore.dll]
Address = 0xe6ad5708 (filename not found) [in D:\Programme\Unreal Engine\4.4\Engine\Binaries\Win64\UE4Editor-SlateCore.dll]
Address = 0xe6ad504f (filename not found) [in D:\Programme\Unreal Engine\4.4\Engine\Binaries\Win64\UE4Editor-SlateCore.dll]
Address = 0xe6ad5708 (filename not found) [in D:\Programme\Unreal Engine\4.4\Engine\Binaries\Win64\UE4Editor-SlateCore.dll]
Address = 0xe6ad59c4 (filename not found) [in D:\Programme\Unreal Engine\4.4\Engine\Binaries\Win64\UE4Editor-SlateCore.dll]
Address = 0xe6ad517c (filename not found) [in D:\Programme\Unreal Engine\4.4\Engine\Binaries\Win64\UE4Editor-SlateCore.dll]
Address = 0xe6ad5708 (filename not found) [in D:\Programme\Unreal Engine\4.4\Engine\Binaries\Win64\UE4Editor-SlateCore.dll]
Address = 0xe6ad59c4 (filename not found) [in D:\Programme\Unreal Engine\4.4\Engine\Binaries\Win64\UE4Editor-SlateCore.dll]
Address = 0xe6ad517c (filename not found) [in D:\Programme\Unreal Engine\4.4\Engine\Binaries\Win64\UE4Editor-SlateCore.dll]
Address = 0xe6ad5708 (filename not found) [in D:\Programme\Unreal Engine\4.4\Engine\Binaries\Win64\UE4Editor-SlateCore.dll]
Address = 0xe6ad59c4 (filename not found) [in D:\Programme\Unreal Engine\4.4\Engine\Binaries\Win64\UE4Editor-SlateCore.dll]
Address = 0xe6ad517c (filename not found) [in D:\Programme\Unreal Engine\4.4\Engine\Binaries\Win64\UE4Editor-SlateCore.dll]
Address = 0xe6ad5708 (filename not found) [in D:\Programme\Unreal Engine\4.4\Engine\Binaries\Win64\UE4Editor-SlateCore.dll]
Address = 0xe6ad504f (filename not found) [in D:\Programme\Unreal Engine\4.4\Engine\Binaries\Win64\UE4Editor-SlateCore.dll]
Address = 0xe6ad5708 (filename not found) [in D:\Programme\Unreal Engine\4.4\Engine\Binaries\Win64\UE4Editor-SlateCore.dll]
Address = 0xe6ad59c4 (filename not found) [in D:\Programme\Unreal Engine\4.4\Engine\Binaries\Win64\UE4Editor-SlateCore.dll]
Address = 0xe6ad517c (filename not found) [in D:\Programme\Unreal Engine\4.4\Engine\Binaries\Win64\UE4Editor-SlateCore.dll]
Address = 0xe6ad5708 (filename not found) [in D:\Programme\Unreal Engine\4.4\Engine\Binaries\Win64\UE4Editor-SlateCore.dll]
Address = 0xe6ad4e1f (filename not found) [in D:\Programme\Unreal Engine\4.4\Engine\Binaries\Win64\UE4Editor-SlateCore.dll]
Address = 0xdd3b48cd (filename not found) [in D:\Programme\Unreal Engine\4.4\Engine\Binaries\Win64\UE4Editor-Slate.dll]
Address = 0xe6ad5708 (filename not found) [in D:\Programme\Unreal Engine\4.4\Engine\Binaries\Win64\UE4Editor-SlateCore.dll]
Address = 0xe6ad4e1f (filename not found) [in D:\Programme\Unreal Engine\4.4\Engine\Binaries\Win64\UE4Editor-SlateCore.dll]
Address = 0xdd3b1c6b (filename not found) [in D:\Programme\Unreal Engine\4.4\Engine\Binaries\Win64\UE4Editor-Slate.dll]
Address = 0xe6ad5708 (filename not found) [in D:\Programme\Unreal Engine\4.4\Engine\Binaries\Win64\UE4Editor-SlateCore.dll]
Address = 0xe6ad4e1f (filename not found) [in D:\Programme\Unreal Engine\4.4\Engine\Binaries\Win64\UE4Editor-SlateCore.dll]
Address = 0xe6ad5708 (filename not found) [in D:\Programme\Unreal Engine\4.4\Engine\Binaries\Win64\UE4Editor-SlateCore.dll]
Address = 0xe6ad4e1f (filename not found) [in D:\Programme\Unreal Engine\4.4\Engine\Binaries\Win64\UE4Editor-SlateCore.dll]
Address = 0xe6ad5708 (filename not found) [in D:\Programme\Unreal Engine\4.4\Engine\Binaries\Win64\UE4Editor-SlateCore.dll]
Address = 0xe6ad59c4 (filename not found) [in D:\Programme\Unreal Engine\4.4\Engine\Binaries\Win64\UE4Editor-SlateCore.dll]
Address = 0xe6ad517c (filename not found) [in D:\Programme\Unreal Engine\4.4\Engine\Binaries\Win64\UE4Editor-SlateCore.dll]
Address = 0xe6ad5708 (filename not found) [in D:\Programme\Unreal Engine\4.4\Engine\Binaries\Win64\UE4Editor-SlateCore.dll]
Address = 0xe6ad4e1f (filename not found) [in D:\Programme\Unreal Engine\4.4\Engine\Binaries\Win64\UE4Editor-SlateCore.dll]
Address = 0xe6ad5708 (filename not found) [in D:\Programme\Unreal Engine\4.4\Engine\Binaries\Win64\UE4Editor-SlateCore.dll]
Address = 0xdd190f91 (filename not found) [in D:\Programme\Unreal Engine\4.4\Engine\Binaries\Win64\UE4Editor-Slate.dll]
Address = 0xdd1912a4 (filename not found) [in D:\Programme\Unreal Engine\4.4\Engine\Binaries\Win64\UE4Editor-Slate.dll]
Address = 0xdd1912a4 (filename not found) [in D:\Programme\Unreal Engine\4.4\Engine\Binaries\Win64\UE4Editor-Slate.dll]
Address = 0xdd1cf16d (filename not found) [in D:\Programme\Unreal Engine\4.4\Engine\Binaries\Win64\UE4Editor-Slate.dll]
Address = 0xdd1ec0f8 (filename not found) [in D:\Programme\Unreal Engine\4.4\Engine\Binaries\Win64\UE4Editor-Slate.dll]
FEngineLoop::Tick() 0x3f3a7295 + 0 bytes [File=d:\buildfarm\buildmachine_++depot+ue4-releases+4.4\engine\source\runtime\launch\private\launchengineloop.cpp:2115] [in D:\Programme\Unreal Engine\4.4\Engine\Binaries\Win64\UE4Editor.exe]
GuardedMain() 0x3f39ca3c + 0 bytes [File=d:\buildfarm\buildmachine_++depot+ue4-releases+4.4\engine\source\runtime\launch\private\launch.cpp:133] [in D:\Programme\Unreal Engine\4.4\Engine\Binaries\Win64\UE4Editor.exe]
GuardedMainWrapper() 0x3f39caaa + 5 bytes [File=d:\buildfarm\buildmachine_++depot+ue4-releases+4.4\engine\source\runtime\launch\private\windows\launchwindows.cpp:125] [in D:\Programme\Unreal Engine\4.4\Engine\Binaries\Win64\UE4Editor.exe]
WinMain() 0x3f3a88c9 + 17 bytes [File=d:\buildfarm\buildmachine_++depot+ue4-releases+4.4\engine\source\runtime\launch\private\windows\launchwindows.cpp:201] [in D:\Programme\Unreal Engine\4.4\Engine\Binaries\Win64\UE4Editor.exe]
__tmainCRTStartup() 0x3f3a96f9 + 21 bytes [File=f:\dd\vctools\crt\crtw32\dllstuff\crtexe.c:618] [in D:\Programme\Unreal Engine\4.4\Engine\Binaries\Win64\UE4Editor.exe]
Address = 0x773659ed (filename not found) [in C:\Windows\system32\kernel32.dll]
Address = 0x7759c541 (filename not found) [in C:\Windows\SYSTEM32\ntdll.dll]
Address = 0x7759c541 (filename not found) [in C:\Windows\SYSTEM32\ntdll.dll]

[2014.09.27-14.33.44:410][ 17]LogExit: Executing StaticShutdownAfterError
[2014.09.27-14.33.45:673][ 17]LogWindows: FPlatformMisc::RequestExit(1)
[2014.09.27-14.33.45:673][ 17]Log file closed, 09/27/14 16:33:45
