Log file open, 10/05/14 20:09:04
LogInit:Display: Running engine for game: FirstGame
LogInit: Version: 4.4.3-2296771+++depot+UE4-Releases+4.4
LogInit: API Version: 2255576
LogInit: Compiled (64-bit): Sep 13 2014 22:30:58
LogInit: Build Configuration: Development
LogInit: Branch Name: ++depot+UE4-Releases+4.4
LogInit: Command line:  
LogInit: Base directory: M:/UDK/Unreal Engine/4.4/Engine/Binaries/Win64/
LogInit: Rocket: 1
[2014.10.05-18.09.04:683][  0]LogTaskGraph: Started task graph with 3 named threads and 4 total threads.
[2014.10.05-18.09.04:723][  0]LogOnline:Warning: No default platform service specified for OnlineSubsystem
[2014.10.05-18.09.04:748][  0]LogInit: Presizing for 0 objects not considered by GC, pre-allocating 0 bytes.
[2014.10.05-18.09.04:767][  0]LogInit: Object subsystem initialized
[2014.10.05-18.09.04:773][  0]LogInit: Selected Device Profile: [Windows]
[2014.10.05-18.09.04:773][  0]LogInit: Applying CVar settings loaded from the selected device profile: [Windows]
[2014.10.05-18.09.04:793][  0]LogInit: Computer: ADMIN-PC
[2014.10.05-18.09.04:793][  0]LogInit: User: admin
[2014.10.05-18.09.04:795][  0]LogInit: CPU Page size=4096, Cores=4
[2014.10.05-18.09.04:795][  0]LogInit: High frequency timer resolution =3.326113 MHz
[2014.10.05-18.09.04:795][  0]LogMemory: Memory total: Physical=15.9GB (16GB approx) Virtual=8192.0GB
[2014.10.05-18.09.04:796][  0]LogMemory: Platform Memory Stats for Windows
[2014.10.05-18.09.04:796][  0]LogMemory: Process Physical Memory: 62.71 MB used, 62.71 MB peak
[2014.10.05-18.09.04:796][  0]LogMemory: Process Virtual Memory: 38.34 MB used, 41.60 MB peak
[2014.10.05-18.09.04:796][  0]LogMemory: Physical Memory: 6323.41 MB used, 16320.65 MB total
[2014.10.05-18.09.04:796][  0]LogMemory: Virtual Memory: 261.25 MB used, 8388608.00 MB total
[2014.10.05-18.09.04:892][  0]LogD3D11RHI: Found D3D11 adapter 0: NVIDIA GeForce GTX 770 (Feature Level 11_0)
[2014.10.05-18.09.04:892][  0]LogD3D11RHI: Adapter has 1990MB of dedicated video memory, 0MB of dedicated system memory, and 2048MB of shared system memory, 1 output[s]
[2014.10.05-18.09.04:892][  0]LogD3D11RHI: Chosen D3D11 Adapter Id = 0
[2014.10.05-18.09.04:907][  0]LogRHI: Texture pool is 1361 MB (70% of 1945 MB)
[2014.10.05-18.09.04:926][  0]LogD3D11RHI: Async texture creation enabled
[2014.10.05-18.09.05:007][  0]LogTextLocalizationManager:Warning: The selected culture 'de_DE' is not available; falling back to 'en'
[2014.10.05-18.09.05:239][  0]LogContentStreaming: Texture pool size is 0.000000MB
[2014.10.05-18.09.09:879][  0]LogTargetPlatformManager:Display: Building Assets For Windows
[2014.10.05-18.09.10:896][  0]LogTargetPlatformManager:Display: Building Assets For Windows
[2014.10.05-18.09.10:974][  0]LogDerivedDataCache:Display: Max Cache Size: 512 MB
[2014.10.05-18.09.11:056][  0]LogDerivedDataCache: Loaded boot cache 0.08s 39MB C:/Users/admin/AppData/Local/UnrealEngine/4.4/DerivedDataCache/Boot.ddc.
[2014.10.05-18.09.11:056][  0]LogDerivedDataCache:Display: Loaded Boot cache: C:/Users/admin/AppData/Local/UnrealEngine/4.4/DerivedDataCache/Boot.ddc
[2014.10.05-18.09.11:057][  0]LogDerivedDataCache: FDerivedDataBackendGraph:  Pak pak cache file N:/UnrealProject/EpicGames/First-Game/DerivedDataCache/DDC.ddp not found, will not use a pak cache.
[2014.10.05-18.09.11:057][  0]LogDerivedDataCache: Unable to find inner node Pak for hierarchical cache Hierarchy.
[2014.10.05-18.09.11:104][  0]LogDerivedDataCache:Display: Pak cache opened for reading ../../../Engine/DerivedDataCache/DDC.ddp.
[2014.10.05-18.09.11:116][  0]LogDerivedDataCache: Using Local data cache path C:/Users/admin/AppData/Local/UnrealEngine/4.4/DerivedDataCache: Writable
[2014.10.05-18.09.11:632][  0]LogMeshUtilities: No automatic mesh reduction module available
[2014.10.05-18.09.11:632][  0]LogMeshUtilities: No automatic mesh merging module available
[2014.10.05-18.09.12:646][  0]LogInit: WinSock: version 1.1 (2.2), MaxSocks=32767, MaxUdp=65467
[2014.10.05-18.09.16:138][  0]LogStats:Warning: MetaData mismatch. Did you assign a stat to two groups? New //STATGROUP_Threads//FMonitoredProcess///Thread_331c_0///////STATCAT_Advanced//// old //STATGROUP_Threads//FMonitoredProcess///Thread_2864_0///////STATCAT_Advanced////
[2014.10.05-18.09.16:138][  0]UdpMessaging: Initializing bridge on interface 0.0.0.0:0 to multicast group 230.0.0.1:6666.
[2014.10.05-18.09.16:331][  0]SourceControl: Info Source control is disabled
[2014.10.05-18.09.16:331][  0]SourceControl: Info Source control is disabled
[2014.10.05-18.09.16:344][  0]SourceControl: Info Source control is disabled
[2014.10.05-18.09.16:765][  0]BlueprintLog: New page: Editor Load
[2014.10.05-18.09.17:006][  0]LogObj: 21438 objects as part of root set at end of initial load.
[2014.10.05-18.09.17:006][  0]LogUObjectAllocator: 4218656 out of 0 bytes used by permanent object pool.
[2014.10.05-18.09.17:628][  0]LogEngine: Initializing Engine...
[2014.10.05-18.09.17:955][  0]LogInit: XAudio2 using 'Lautsprecher (2- Logitech USB Headset)' : 2 channels at 44.1 kHz using 16 bits per sample (channel mask 0x3)
[2014.10.05-18.09.18:035][  0]LogInit: FAudioDevice initialized.
[2014.10.05-18.09.18:073][  0]LogAIModule: Creating AISystem for world NewWorld
[2014.10.05-18.09.18:129][  0]LogDerivedDataCache: Saved boot cache 0.05s 39MB C:/Users/admin/AppData/Local/UnrealEngine/4.4/DerivedDataCache/Boot.ddc.
[2014.10.05-18.09.18:136][  0]LogInit: Texture streaming: Enabled
[2014.10.05-18.09.18:208][  0]LogInit: Transaction tracking system initialized
[2014.10.05-18.09.18:422][  0]LogAssetRegistry: FAssetRegistry took 0.0103 seconds to start up
[2014.10.05-18.09.19:594][  0]LogTargetPlatformManager:Display: Building Assets For Windows
[2014.10.05-18.09.20:369][  0]LogTargetPlatformManager:Display: Building Assets For Windows
[2014.10.05-18.09.20:563][  0]LogConsoleResponse:Display: 
[2014.10.05-18.09.20:890][  0]LogStats:Warning: MetaData mismatch. Did you assign a stat to two groups? New //STATGROUP_Threads//FMonitoredProcess///Thread_2308_0///////STATCAT_Advanced//// old //STATGROUP_Threads//FMonitoredProcess///Thread_2864_0///////STATCAT_Advanced////
[2014.10.05-18.09.20:890][  0]LogStats:Warning: MetaData mismatch. Did you assign a stat to two groups? New //STATGROUP_Threads//FMonitoredProcess///Thread_1cb8_0///////STATCAT_Advanced//// old //STATGROUP_Threads//FMonitoredProcess///Thread_2864_0///////STATCAT_Advanced////
[2014.10.05-18.09.20:890][  0]SourceControl: Info Source control is disabled
[2014.10.05-18.09.20:890][  0]Cmd: MAP LOAD FILE="N:/UnrealProject/EpicGames/First-Game/Content/Maps/Example_Map.umap" TEMPLATE=0 SHOWPROGRESS=1
[2014.10.05-18.09.20:894][  0]LightingResults: New page: Lighting Build
[2014.10.05-18.09.20:915][  0]MapCheck: New page: Map Check
[2014.10.05-18.09.20:915][  0]LightingResults: New page: Lighting Build
[2014.10.05-18.09.20:951][  0]LogParticles: Destroying 0 GPU particle simulations for FXSystem 0x0000000012E34360
[2014.10.05-18.09.23:170][  0]BlueprintLog:Warning: Warning Blueprint MyHUD has been migrated and requires re-saving to avoid import errors
[2014.10.05-18.09.23:219][  0]BlueprintLog:Warning: Warning Blueprint MyGame has been migrated and requires re-saving to avoid import errors
[2014.10.05-18.09.23:252][  0]LogEditorServer: Finished looking for orphan Actors (0.000 secs)
[2014.10.05-18.09.23:252][  0]LogAIModule: Creating AISystem for world Example_Map
[2014.10.05-18.09.23:253][  0]Cmd: MAP CHECKDEP
[2014.10.05-18.09.23:253][  0]MapCheck: New page: Example_Map - Oct 5, 2014, 10:09:23 PM
[2014.10.05-18.09.23:468][  0]MapCheck: Info ========== Map Check: 0 Error(s), 0 Warning(s), [214.293ms] ==========
[2014.10.05-18.09.23:468][  0]LogFileHelpers: Loading map 'Example_Map' took 2.578
[2014.10.05-18.09.23:660][  0]LogCollectionManager: Loaded 0 collections in 0.002640 seconds
[2014.10.05-18.09.24:064][  0]LogCrashTracker: Crashtracker disabled due to settings.
[2014.10.05-18.09.24:184][  0]LogLoad: Full Startup: 22.96 seconds (BP compile: 0.74 seconds)
[2014.10.05-18.09.24:204][  0]LogContentBrowser:Verbose: The content browser source was changed by the sources view to '/Engine/EngineSky'
[2014.10.05-18.09.24:572][  0]LogRenderer:Warning: Reallocating scene render targets to support 840x840.
[2014.10.05-18.09.25:398][ 10]LogAssetRegistry: Asset discovery search completed in 6.9865 seconds
[2014.10.05-18.09.34:115][396]LogContentBrowser:Verbose: The content browser source was changed by the sources view to '/Game/Sky'
[2014.10.05-18.09.54:721][407]Cmd: DELETE
[2014.10.05-18.09.54:721][407]Cmd: ACTOR DELETE
[2014.10.05-18.09.54:722][407]LogEditorActor: Deleted Actor: sky_dome_C
[2014.10.05-18.09.54:826][407]LogEditorActor: Deleted 1 Actors (0.105 secs)
[2014.10.05-18.10.00:866][624]LogEditorActor: Deleted Actor: BP_Sky_Sphere_C
[2014.10.05-18.10.00:916][624]LogEditorActor: Deleted 1 Actors (0.051 secs)
[2014.10.05-18.10.03:186][717]LogMaterial:Warning: Material /Game/Sky/M_stars.M_stars needed to have new flag set bUsedWithStaticLighting !
[2014.10.05-18.10.03:187][717]LogMaterial: Missing cached shader map for material M_stars, compiling.
[2014.10.05-18.10.03:206][717]LogMaterial: 0.000205 seconds spent updating 1 materials, 1 interfaces, 0 instances, 0 with static permutations.
[2014.10.05-18.10.05:876][862]Cmd: TRANSACTION UNDO
[2014.10.05-18.10.05:876][862]LogEditorTransaction: Undo Apply Material to Surface
[2014.10.05-18.10.05:881][862]LogActorComponent: ~FComponentReregisterContext: (/Game/Maps/Example_Map.Example_Map:PersistentLevel.ModelComponent_8) Component already registered.
[2014.10.05-18.10.10:211][ 19]LogEditorViewport: Clicking on Actor (LMB): sky_dome_C (sky_dome)
[2014.10.05-18.10.12:012][ 81]LogPlayLevel: PIE:  No blueprints needed recompiling
[2014.10.05-18.10.12:013][ 81]PIE: New page: PIE session: Example_Map (Oct 5, 2014, 10:10:12 PM)
[2014.10.05-18.10.12:068][ 81]LogPlayLevel: PIE: StaticDuplicateObject took: (0.055582s)
[2014.10.05-18.10.12:070][ 81]LogPlayLevel: PIE: World Init took: (0.001760s)
[2014.10.05-18.10.12:071][ 81]LogPlayLevel: PIE: Created PIE world by copying editor world from /Game/Maps/Example_Map.Example_Map to /Game/Maps/UEDPIE_0_Example_Map.Example_Map (0.057835s)
[2014.10.05-18.10.12:131][ 81]LogWorld: Game class is 'MyGame_C'
[2014.10.05-18.10.12:136][ 81]LogAIModule: Creating AISystem for world Example_Map
[2014.10.05-18.10.12:140][ 81]LogWorld: Bringing World /Game/Maps/UEDPIE_0_Example_Map.Example_Map up for play (max tick rate 0) at 2014.10.05-20.10.12
[2014.10.05-18.10.12:140][ 81]LogWorld: Bringing up level for play took: 0.004708
[2014.10.05-18.10.12:149][ 81]PIE: Info Play in editor start time for /Game/Maps/UEDPIE_0_Example_Map -0.737
[2014.10.05-18.10.12:290][ 82]LogRenderer:Warning: Reallocating scene render targets to support 840x848.
[2014.10.05-18.10.28:824][821]LogParticles: Destroying 0 GPU particle simulations for FXSystem 0x000000000479AA20
[2014.10.05-18.10.32:919][964]LogEditorActor: Deleted Actor: LightmassImportanceVolume
[2014.10.05-18.10.32:985][964]LogEditorActor: Deleted 1 Actors (0.067 secs)
[2014.10.05-18.10.34:486][ 28]Cmd: TRANSACTION UNDO
[2014.10.05-18.10.34:486][ 28]LogEditorTransaction: Undo Delete selection
[2014.10.05-18.10.35:214][ 28]LogWindows:Error: appError called: Assertion failed: (Index >= 0) & (Index < ArrayNum) [File:D:\BuildFarm\buildmachine_++depot+UE4-Releases+4.4\Engine\Source\Runtime\Core\Public\Containers\Array.h] [Line: 536]
Array index out of bounds: 9 from an array of size -572662307
Stack:
Address = 0xd0c05216 (filename not found) [in M:\UDK\Unreal Engine\4.4\Engine\Binaries\Win64\UE4Editor-Core.dll]
Address = 0xd0a88615 (filename not found) [in M:\UDK\Unreal Engine\4.4\Engine\Binaries\Win64\UE4Editor-Core.dll]
Address = 0xcaf5d0de (filename not found) [in M:\UDK\Unreal Engine\4.4\Engine\Binaries\Win64\UE4Editor-Renderer.dll]
Address = 0xcaf47915 (filename not found) [in M:\UDK\Unreal Engine\4.4\Engine\Binaries\Win64\UE4Editor-Renderer.dll]
Address = 0xcaf6874c (filename not found) [in M:\UDK\Unreal Engine\4.4\Engine\Binaries\Win64\UE4Editor-Renderer.dll]
Address = 0xcae05360 (filename not found) [in M:\UDK\Unreal Engine\4.4\Engine\Binaries\Win64\UE4Editor-Renderer.dll]
Address = 0xcaf80834 (filename not found) [in M:\UDK\Unreal Engine\4.4\Engine\Binaries\Win64\UE4Editor-Renderer.dll]
Address = 0xcaf56972 (filename not found) [in M:\UDK\Unreal Engine\4.4\Engine\Binaries\Win64\UE4Editor-Renderer.dll]
Address = 0xd09c7002 (filename not found) [in M:\UDK\Unreal Engine\4.4\Engine\Binaries\Win64\UE4Editor-Core.dll]
Address = 0xd09c718d (filename not found) [in M:\UDK\Unreal Engine\4.4\Engine\Binaries\Win64\UE4Editor-Core.dll]
Address = 0xd93cc353 (filename not found) [in M:\UDK\Unreal Engine\4.4\Engine\Binaries\Win64\UE4Editor-RenderCore.dll]
Address = 0xd93cc7e9 (filename not found) [in M:\UDK\Unreal Engine\4.4\Engine\Binaries\Win64\UE4Editor-RenderCore.dll]
Address = 0xd0c02ca6 (filename not found) [in M:\UDK\Unreal Engine\4.4\Engine\Binaries\Win64\UE4Editor-Core.dll]
Address = 0xd0bfc26d (filename not found) [in M:\UDK\Unreal Engine\4.4\Engine\Binaries\Win64\UE4Editor-Core.dll]
Address = 0x76c759ed (filename not found) [in C:\Windows\system32\kernel32.dll]
Address = 0x76eac541 (filename not found) [in C:\Windows\SYSTEM32\ntdll.dll]
Address = 0x76eac541 (filename not found) [in C:\Windows\SYSTEM32\ntdll.dll]

[2014.10.05-18.10.35:214][ 28]LogWindows:Error: Windows GetLastError: Der Vorgang wurde erfolgreich beendet. (0)
[2014.10.05-18.10.35:214][ 28]LogCrashTracker: 


[2014.10.05-18.10.38:964][ 28]LogWindows:Error: appError called: Rendering thread exception:
Assertion failed: (Index >= 0) & (Index < ArrayNum) [File:D:\BuildFarm\buildmachine_++depot+UE4-Releases+4.4\Engine\Source\Runtime\Core\Public\Containers\Array.h] [Line: 536]
Array index out of bounds: 9 from an array of size -572662307
Stack:
Address = 0xd0c05216 (filename not found) [in M:\UDK\Unreal Engine\4.4\Engine\Binaries\Win64\UE4Editor-Core.dll]
Address = 0xd0a88615 (filename not found) [in M:\UDK\Unreal Engine\4.4\Engine\Binaries\Win64\UE4Editor-Core.dll]
Address = 0xcaf5d0de (filename not found) [in M:\UDK\Unreal Engine\4.4\Engine\Binaries\Win64\UE4Editor-Renderer.dll]
Address = 0xcaf47915 (filename not found) [in M:\UDK\Unreal Engine\4.4\Engine\Binaries\Win64\UE4Editor-Renderer.dll]
Address = 0xcaf6874c (filename not found) [in M:\UDK\Unreal Engine\4.4\Engine\Binaries\Win64\UE4Editor-Renderer.dll]
Address = 0xcae05360 (filename not found) [in M:\UDK\Unreal Engine\4.4\Engine\Binaries\Win64\UE4Editor-Renderer.dll]
Address = 0xcaf80834 (filename not found) [in M:\UDK\Unreal Engine\4.4\Engine\Binaries\Win64\UE4Editor-Renderer.dll]
Address = 0xcaf56972 (filename not found) [in M:\UDK\Unreal Engine\4.4\Engine\Binaries\Win64\UE4Editor-Renderer.dll]
Address = 0xd09c7002 (filename not found) [in M:\UDK\Unreal Engine\4.4\Engine\Binaries\Win64\UE4Editor-Core.dll]
Address = 0xd09c718d (filename not found) [in M:\UDK\Unreal Engine\4.4\Engine\Binaries\Win64\UE4Editor-Core.dll]
Address = 0xd93cc353 (filename not found) [in M:\UDK\Unreal Engine\4.4\Engine\Binaries\Win64\UE4Editor-RenderCore.dll]
Address = 0xd93cc7e9 (filename not found) [in M:\UDK\Unreal Engine\4.4\Engine\Binaries\Win64\UE4Editor-RenderCore.dll]
Address = 0xd0c02ca6 (filename not found) [in M:\UDK\Unreal Engine\4.4\Engine\Binaries\Win64\UE4Editor-Core.dll]
Address = 0xd0bfc26d (filename not found) [in M:\UDK\Unreal Engine\4.4\Engine\Binaries\Win64\UE4Editor-Core.dll]
Address = 0x76c759ed (filename not found) [in C:\Windows\system32\kernel32.dll]
Address = 0x76eac541 (filename not found) [in C:\Windows\SYSTEM32\ntdll.dll]
Address = 0x76eac541 (filename not found) [in C:\Windows\SYSTEM32\ntdll.dll]



[2014.10.05-18.10.38:964][ 28]LogWindows:Error: Windows GetLastError: Der Vorgang wurde erfolgreich beendet. (0)
[2014.10.05-18.10.39:153][ 28]LogCrashTracker: 


[2014.10.05-18.10.39:153][ 28]LogWindows: === Critical error: ===


[2014.10.05-18.10.39:153][ 28]LogWindows: Rendering thread exception:
Assertion failed: (Index >= 0) & (Index < ArrayNum) [File:D:\BuildFarm\buildmachine_++depot+UE4-Releases+4.4\Engine\Source\Runtime\Core\Public\Containers\Array.h] [Line: 536]
Array index out of bounds: 9 from an array of size -572662307
Stack:
Address = 0xd0c05216 (filename not found) [in M:\UDK\Unreal Engine\4.4\Engine\Binaries\Win64\UE4Editor-Core.dll]
Address = 0xd0a88615 (filename not found) [in M:\UDK\Unreal Engine\4.4\Engine\Binaries\Win64\UE4Editor-Core.dll]
Address = 0xcaf5d0de (filename not found) [in M:\UDK\Unreal Engine\4.4\Engine\Binaries\Win64\UE4Editor-Renderer.dll]
Address = 0xcaf47915 (filename not found) [in M:\UDK\Unreal Engine\4.4\Engine\Binaries\Win64\UE4Editor-Renderer.dll]
Address = 0xcaf6874c (filename not found) [in M:\UDK\Unreal Engine\4.4\Engine\Binaries\Win64\UE4Editor-Renderer.dll]
Address = 0xcae05360 (filename not found) [in M:\UDK\Unreal Engine\4.4\Engine\Binaries\Win64\UE4Editor-Renderer.dll]
Address = 0xcaf80834 (filename not found) [in M:\UDK\Unreal Engine\4.4\Engine\Binaries\Win64\UE4Editor-Renderer.dll]
Address = 0xcaf56972 (filename not found) [in M:\UDK\Unreal Engine\4.4\Engine\Binaries\Win64\UE4Editor-Renderer.dll]
Address = 0xd09c7002 (filename not found) [in M:\UDK\Unreal Engine\4.4\Engine\Binaries\Win64\UE4Editor-Core.dll]
Address = 0xd09c718d (filename not found) [in M:\UDK\Unreal Engine\4.4\Engine\Binaries\Win64\UE4Editor-Core.dll]
Address = 0xd93cc353 (filename not found) [in M:\UDK\Unreal Engine\4.4\Engine\Binaries\Win64\UE4Editor-RenderCore.dll]
Address = 0xd93cc7e9 (filename not found) [in M:\UDK\Unreal Engine\4.4\Engine\Binaries\Win64\UE4Editor-RenderCore.dll]
Address = 0xd0c02ca6 (filename not found) [in M:\UDK\Unreal Engine\4.4\Engine\Binaries\Win64\UE4Editor-Core.dll]
Address = 0xd0bfc26d (filename not found) [in M:\UDK\Unreal Engine\4.4\Engine\Binaries\Win64\UE4Editor-Core.dll]
Address = 0x76c759ed (filename not found) [in C:\Windows\system32\kernel32.dll]
Address = 0x76eac541 (filename not found) [in C:\Windows\SYSTEM32\ntdll.dll]
Address = 0x76eac541 (filename not found) [in C:\Windows\SYSTEM32\ntdll.dll]





[2014.10.05-18.10.39:330][ 28]LogExit: Executing StaticShutdownAfterError
[2014.10.05-18.10.39:349][ 28]LogWindows: FPlatformMisc::RequestExit(1)
[2014.10.05-18.10.39:349][ 28]Log file closed, 10/05/14 20:10:39
