Log file open, 09/27/14 20:03:25
LogInit:Display: Running engine for game: FirstGame
LogInit: Version: 4.4.3-2296771+++depot+UE4-Releases+4.4
LogInit: API Version: 2255576
LogInit: Compiled (64-bit): Sep 13 2014 22:30:58
LogInit: Build Configuration: Development
LogInit: Branch Name: ++depot+UE4-Releases+4.4
LogInit: Command line:  
LogInit: Base directory: D:/Programme/Unreal Engine/4.4/Engine/Binaries/Win64/
LogInit: Rocket: 1
[2014.09.27-18.03.25:801][  0]LogTaskGraph: Started task graph with 3 named threads and 4 total threads.
[2014.09.27-18.03.25:826][  0]LogOnline:Warning: No default platform service specified for OnlineSubsystem
[2014.09.27-18.03.25:831][  0]LogInit: Presizing for 0 objects not considered by GC, pre-allocating 0 bytes.
[2014.09.27-18.03.25:836][  0]LogInit: Object subsystem initialized
[2014.09.27-18.03.25:837][  0]LogInit: Selected Device Profile: [Windows]
[2014.09.27-18.03.25:837][  0]LogInit: Applying CVar settings loaded from the selected device profile: [Windows]
[2014.09.27-18.03.25:858][  0]LogInit: Computer: MASTERPC
[2014.09.27-18.03.25:858][  0]LogInit: User: Endero
[2014.09.27-18.03.25:859][  0]LogInit: CPU Page size=4096, Cores=4
[2014.09.27-18.03.25:859][  0]LogInit: High frequency timer resolution =3.513603 MHz
[2014.09.27-18.03.25:859][  0]LogMemory: Memory total: Physical=15.9GB (16GB approx) Virtual=8192.0GB
[2014.09.27-18.03.25:859][  0]LogMemory: Platform Memory Stats for Windows
[2014.09.27-18.03.25:859][  0]LogMemory: Process Physical Memory: 62.59 MB used, 62.59 MB peak
[2014.09.27-18.03.25:859][  0]LogMemory: Process Virtual Memory: 38.36 MB used, 41.61 MB peak
[2014.09.27-18.03.25:859][  0]LogMemory: Physical Memory: 6525.89 MB used, 16321.48 MB total
[2014.09.27-18.03.25:859][  0]LogMemory: Virtual Memory: 261.26 MB used, 8388608.00 MB total
[2014.09.27-18.03.25:876][  0]LogD3D11RHI: Found D3D11 adapter 0: AMD Radeon R9 200 Series (Feature Level 11_0)
[2014.09.27-18.03.25:876][  0]LogD3D11RHI: Adapter has 2022MB of dedicated video memory, 0MB of dedicated system memory, and 7904MB of shared system memory, 2 output[s]
[2014.09.27-18.03.25:876][  0]LogD3D11RHI: Chosen D3D11 Adapter Id = 0
[2014.09.27-18.03.25:881][  0]LogRHI: Texture pool is 1361 MB (70% of 1945 MB)
[2014.09.27-18.03.25:885][  0]LogD3D11RHI: Async texture creation disabled: no driver support
[2014.09.27-18.03.25:993][  0]LogTextLocalizationManager:Warning: The selected culture 'de_CH' is not available; falling back to 'en'
[2014.09.27-18.03.26:049][  0]LogContentStreaming: Texture pool size is 0.000000MB
[2014.09.27-18.03.27:155][  0]LogTargetPlatformManager:Display: Building Assets For Windows
[2014.09.27-18.03.27:416][  0]LogTargetPlatformManager:Display: Building Assets For Windows
[2014.09.27-18.03.27:438][  0]LogDerivedDataCache:Display: Max Cache Size: 512 MB
[2014.09.27-18.03.27:498][  0]LogDerivedDataCache: Loaded boot cache 0.06s 67MB C:/Users/Endero/AppData/Local/UnrealEngine/4.4/DerivedDataCache/Boot.ddc.
[2014.09.27-18.03.27:498][  0]LogDerivedDataCache:Display: Loaded Boot cache: C:/Users/Endero/AppData/Local/UnrealEngine/4.4/DerivedDataCache/Boot.ddc
[2014.09.27-18.03.27:498][  0]LogDerivedDataCache: FDerivedDataBackendGraph:  Pak pak cache file ../../../../../../Github/UnrealEngine/First-Game/DerivedDataCache/DDC.ddp not found, will not use a pak cache.
[2014.09.27-18.03.27:498][  0]LogDerivedDataCache: Unable to find inner node Pak for hierarchical cache Hierarchy.
[2014.09.27-18.03.27:513][  0]LogDerivedDataCache:Display: Pak cache opened for reading ../../../Engine/DerivedDataCache/DDC.ddp.
[2014.09.27-18.03.27:524][  0]LogDerivedDataCache: Using Local data cache path C:/Users/Endero/AppData/Local/UnrealEngine/4.4/DerivedDataCache: Writable
[2014.09.27-18.03.27:621][  0]LogMeshUtilities: No automatic mesh reduction module available
[2014.09.27-18.03.27:621][  0]LogMeshUtilities: No automatic mesh merging module available
[2014.09.27-18.03.27:842][  0]LogInit: WinSock: version 1.1 (2.2), MaxSocks=32767, MaxUdp=65467
[2014.09.27-18.03.28:307][  0]LogStats:Warning: MetaData mismatch. Did you assign a stat to two groups? New //STATGROUP_Threads//FMonitoredProcess///Thread_28a4_0///////STATCAT_Advanced//// old //STATGROUP_Threads//FMonitoredProcess///Thread_e68_0///////STATCAT_Advanced////
[2014.09.27-18.03.28:307][  0]UdpMessaging: Initializing bridge on interface 0.0.0.0:0 to multicast group 230.0.0.1:6666.
[2014.09.27-18.03.28:383][  0]SourceControl: Info Source control is disabled
[2014.09.27-18.03.28:383][  0]SourceControl: Info Source control is disabled
[2014.09.27-18.03.28:386][  0]SourceControl: Info Source control is disabled
[2014.09.27-18.03.28:472][  0]BlueprintLog: New page: Editor Load
[2014.09.27-18.03.28:519][  0]LogObj: 21438 objects as part of root set at end of initial load.
[2014.09.27-18.03.28:519][  0]LogUObjectAllocator: 4218656 out of 0 bytes used by permanent object pool.
[2014.09.27-18.03.28:671][  0]LogEngine: Initializing Engine...
[2014.09.27-18.03.28:737][  0]LogInit: XAudio2 using 'Lautsprecher (2- Wireless Stereo Headset)' : 2 channels at 44.1 kHz using 16 bits per sample (channel mask 0x3)
[2014.09.27-18.03.28:742][  0]LogInit: FAudioDevice initialized.
[2014.09.27-18.03.28:751][  0]LogAIModule: Creating AISystem for world NewWorld
[2014.09.27-18.03.28:787][  0]LogDerivedDataCache: Saved boot cache 0.04s 67MB C:/Users/Endero/AppData/Local/UnrealEngine/4.4/DerivedDataCache/Boot.ddc.
[2014.09.27-18.03.28:793][  0]LogInit: Texture streaming: Enabled
[2014.09.27-18.03.28:809][  0]LogInit: Transaction tracking system initialized
[2014.09.27-18.03.28:862][  0]LogAssetRegistry: FAssetRegistry took 0.0098 seconds to start up
[2014.09.27-18.03.29:148][  0]LogTargetPlatformManager:Display: Building Assets For Windows
[2014.09.27-18.03.29:360][  0]LogTargetPlatformManager:Display: Building Assets For Windows
[2014.09.27-18.03.29:422][  0]LogConsoleResponse:Display: 
[2014.09.27-18.03.29:509][  0]LogStats:Warning: MetaData mismatch. Did you assign a stat to two groups? New //STATGROUP_Threads//FMonitoredProcess///Thread_296c_0///////STATCAT_Advanced//// old //STATGROUP_Threads//FMonitoredProcess///Thread_e68_0///////STATCAT_Advanced////
[2014.09.27-18.03.29:509][  0]LogStats:Warning: MetaData mismatch. Did you assign a stat to two groups? New //STATGROUP_Threads//FMonitoredProcess///Thread_2a54_0///////STATCAT_Advanced//// old //STATGROUP_Threads//FMonitoredProcess///Thread_e68_0///////STATCAT_Advanced////
[2014.09.27-18.03.29:509][  0]SourceControl: Info Source control is disabled
[2014.09.27-18.03.29:509][  0]Cmd: MAP LOAD FILE="../../../../../../Github/UnrealEngine/First-Game/Content/Maps/Example_Map.umap" TEMPLATE=0 SHOWPROGRESS=1
[2014.09.27-18.03.29:509][  0]LightingResults: New page: Lighting Build
[2014.09.27-18.03.29:513][  0]MapCheck: New page: Map Check
[2014.09.27-18.03.29:513][  0]LightingResults: New page: Lighting Build
[2014.09.27-18.03.29:523][  0]LogParticles: Destroying 0 GPU particle simulations for FXSystem 0x0000000014070680
[2014.09.27-18.03.29:758][  0]BlueprintLog:Warning: Warning Blueprint MyGame has been migrated and requires re-saving to avoid import errors
[2014.09.27-18.03.29:761][  0]BlueprintLog:Warning: Warning Blueprint MyHUD has been migrated and requires re-saving to avoid import errors
[2014.09.27-18.03.29:783][  0]LogEditorServer: Finished looking for orphan Actors (0.000 secs)
[2014.09.27-18.03.29:783][  0]LogAIModule: Creating AISystem for world Example_Map
[2014.09.27-18.03.29:783][  0]Cmd: MAP CHECKDEP
[2014.09.27-18.03.29:783][  0]MapCheck: New page: Example_Map - Sep 27, 2014, 10:03:29 PM
[2014.09.27-18.03.29:816][  0]MapCheck: Info ========== Map Check: 0 Error(s), 0 Warning(s), [32.532ms] ==========
[2014.09.27-18.03.29:816][  0]LogFileHelpers: Loading map 'Example_Map' took 0.307
[2014.09.27-18.03.29:918][  0]LogCollectionManager: Loaded 0 collections in 0.000611 seconds
[2014.09.27-18.03.30:016][  0]LogCrashTracker: Crashtracker disabled due to settings.
[2014.09.27-18.03.30:059][  0]LogLoad: Full Startup: 5.79 seconds (BP compile: 0.11 seconds)
[2014.09.27-18.03.30:074][  0]LogContentBrowser:Verbose: The content browser source was changed by the sources view to '/Game/Blueprints'
[2014.09.27-18.03.30:198][  0]LogRenderer:Warning: Reallocating scene render targets to support 960x912.
[2014.09.27-18.03.30:455][  2]LogAssetRegistry: Asset discovery search completed in 1.6026 seconds
[2014.09.27-18.16.33:518][389]LogPlayLevel: PIE:  No blueprints needed recompiling
[2014.09.27-18.16.33:518][389]PIE: New page: PIE session: Example_Map (Sep 27, 2014, 10:16:33 PM)
[2014.09.27-18.16.33:537][389]LogPlayLevel: PIE: StaticDuplicateObject took: (0.018656s)
[2014.09.27-18.16.33:538][389]LogPlayLevel: PIE: World Init took: (0.001128s)
[2014.09.27-18.16.33:538][389]LogPlayLevel: PIE: Created PIE world by copying editor world from /Game/Maps/Example_Map.Example_Map to /Game/Maps/UEDPIE_0_Example_Map.Example_Map (0.019975s)
[2014.09.27-18.16.33:573][389]LogWorld: Game class is 'MyGame_C'
[2014.09.27-18.16.33:574][389]LogAIModule: Creating AISystem for world Example_Map
[2014.09.27-18.16.33:575][389]LogWorld: Bringing World /Game/Maps/UEDPIE_0_Example_Map.Example_Map up for play (max tick rate 0) at 2014.09.27-20.16.33
[2014.09.27-18.16.33:575][389]LogWorld: Bringing up level for play took: 0.001490
[2014.09.27-18.16.33:577][389]PIE: Info Play in editor start time for /Game/Maps/UEDPIE_0_Example_Map 0.745
[2014.09.27-18.17.08:383][524]LogCharacterMovement: MyCharacter_C_0 is stuck and failed to move!
[2014.09.27-18.17.08:391][525]LogCharacterMovement: MyCharacter_C_0 is stuck and failed to move!
[2014.09.27-18.17.08:400][526]LogCharacterMovement: MyCharacter_C_0 is stuck and failed to move!
[2014.09.27-18.17.33:502][535]LogActorComponent: UnregisterComponent: (/Engine/Transient.CharacterMovementComponent_0) Not registered. Aborting.
[2014.09.27-18.23.29:667][ 63]LogParticles: Destroying 0 GPU particle simulations for FXSystem 0x0000000004A60220
[2014.09.27-18.23.38:324][732]LogContentBrowser:Verbose: The content browser source was changed by the sources view to '/Game/Weapons'
[2014.09.27-18.23.40:345][929]LogContentBrowser:Verbose: The content browser source was changed by the sources view to '/Game/Weapons/MilitaryWeapSilver'
[2014.09.27-18.24.50:802][519]LogContentBrowser:Verbose: The content browser source was changed by the sources view to '/Game/Animations/Mycharacter'
[2014.09.27-18.24.51:908][574]LogContentBrowser:Verbose: The content browser source was changed by the sources view to '/Game/Animations'
[2014.09.27-18.24.52:400][632]LogContentBrowser:Verbose: The content browser source was changed by the sources view to '/Game/Animations/Blueprints'
[2014.09.27-18.24.53:818][754]LogContentBrowser:Verbose: The content browser source was changed by the sources view to '/Game/Animations/Mycharacter'
[2014.09.27-18.24.58:165][131]LogFactory: FactoryCreateBinary: StaticMesh with FbxFactory (0 0 C:\Users\Endero\Downloads\rifle_run.fbx)
[2014.09.27-18.24.58:592][131]LogFbx: ItemName: GlobalSettings, ItemCount : 1
[2014.09.27-18.24.58:592][131]LogFbx: ItemName: Model, ItemCount : 65
[2014.09.27-18.24.58:592][131]LogFbx: ItemName: NodeAttribute, ItemCount : 65
[2014.09.27-18.24.58:592][131]LogFbx: ItemName: AnimationStack, ItemCount : 1
[2014.09.27-18.24.58:592][131]LogFbx: ItemName: AnimationLayer, ItemCount : 1
[2014.09.27-18.24.58:592][131]LogFbx: ItemName: AnimationCurveNode, ItemCount : 54
[2014.09.27-18.24.58:592][131]LogFbx: ItemName: AnimationCurve, ItemCount : 315
[2014.09.27-18.25.05:019][131]LogFbx: Loading FBX Scene from C:\Users\Endero\Downloads\rifle_run.fbx
[2014.09.27-18.25.05:206][131]LogFbx: FBX Scene Loaded Succesfully
[2014.09.27-18.25.05:280][131]LogFbx: SortedLinks :(0) Hips
[2014.09.27-18.25.05:281][131]LogFbx: SortedLinks :(1) Spine
[2014.09.27-18.25.05:281][131]LogFbx: SortedLinks :(2) Spine1
[2014.09.27-18.25.05:281][131]LogFbx: SortedLinks :(3) Spine2
[2014.09.27-18.25.05:281][131]LogFbx: SortedLinks :(4) Neck
[2014.09.27-18.25.05:281][131]LogFbx: SortedLinks :(5) Head
[2014.09.27-18.25.05:281][131]LogFbx: SortedLinks :(6) HeadTop_End
[2014.09.27-18.25.05:281][131]LogFbx: SortedLinks :(7) LeftShoulder
[2014.09.27-18.25.05:281][131]LogFbx: SortedLinks :(8) LeftArm
[2014.09.27-18.25.05:281][131]LogFbx: SortedLinks :(9) LeftForeArm
[2014.09.27-18.25.05:281][131]LogFbx: SortedLinks :(10) LeftHand
[2014.09.27-18.25.05:281][131]LogFbx: SortedLinks :(11) LeftHandThumb1
[2014.09.27-18.25.05:281][131]LogFbx: SortedLinks :(12) LeftHandThumb2
[2014.09.27-18.25.05:281][131]LogFbx: SortedLinks :(13) LeftHandThumb3
[2014.09.27-18.25.05:281][131]LogFbx: SortedLinks :(14) LeftHandThumb4
[2014.09.27-18.25.05:281][131]LogFbx: SortedLinks :(15) LeftHandIndex1
[2014.09.27-18.25.05:281][131]LogFbx: SortedLinks :(16) LeftHandIndex2
[2014.09.27-18.25.05:281][131]LogFbx: SortedLinks :(17) LeftHandIndex3
[2014.09.27-18.25.05:281][131]LogFbx: SortedLinks :(18) LeftHandIndex4
[2014.09.27-18.25.05:281][131]LogFbx: SortedLinks :(19) LeftHandMiddle1
[2014.09.27-18.25.05:281][131]LogFbx: SortedLinks :(20) LeftHandMiddle2
[2014.09.27-18.25.05:281][131]LogFbx: SortedLinks :(21) LeftHandMiddle3
[2014.09.27-18.25.05:281][131]LogFbx: SortedLinks :(22) LeftHandMiddle4
[2014.09.27-18.25.05:281][131]LogFbx: SortedLinks :(23) LeftHandRing1
[2014.09.27-18.25.05:281][131]LogFbx: SortedLinks :(24) LeftHandRing2
[2014.09.27-18.25.05:281][131]LogFbx: SortedLinks :(25) LeftHandRing3
[2014.09.27-18.25.05:281][131]LogFbx: SortedLinks :(26) LeftHandRing4
[2014.09.27-18.25.05:281][131]LogFbx: SortedLinks :(27) LeftHandPinky1
[2014.09.27-18.25.05:281][131]LogFbx: SortedLinks :(28) LeftHandPinky2
[2014.09.27-18.25.05:281][131]LogFbx: SortedLinks :(29) LeftHandPinky3
[2014.09.27-18.25.05:281][131]LogFbx: SortedLinks :(30) LeftHandPinky4
[2014.09.27-18.25.05:281][131]LogFbx: SortedLinks :(31) RightShoulder
[2014.09.27-18.25.05:281][131]LogFbx: SortedLinks :(32) RightArm
[2014.09.27-18.25.05:281][131]LogFbx: SortedLinks :(33) RightForeArm
[2014.09.27-18.25.05:281][131]LogFbx: SortedLinks :(34) RightHand
[2014.09.27-18.25.05:281][131]LogFbx: SortedLinks :(35) RightHandThumb1
[2014.09.27-18.25.05:281][131]LogFbx: SortedLinks :(36) RightHandThumb2
[2014.09.27-18.25.05:281][131]LogFbx: SortedLinks :(37) RightHandThumb3
[2014.09.27-18.25.05:281][131]LogFbx: SortedLinks :(38) RightHandThumb4
[2014.09.27-18.25.05:281][131]LogFbx: SortedLinks :(39) RightHandIndex1
[2014.09.27-18.25.05:281][131]LogFbx: SortedLinks :(40) RightHandIndex2
[2014.09.27-18.25.05:281][131]LogFbx: SortedLinks :(41) RightHandIndex3
[2014.09.27-18.25.05:281][131]LogFbx: SortedLinks :(42) RightHandIndex4
[2014.09.27-18.25.05:281][131]LogFbx: SortedLinks :(43) RightHandMiddle1
[2014.09.27-18.25.05:281][131]LogFbx: SortedLinks :(44) RightHandMiddle2
[2014.09.27-18.25.05:281][131]LogFbx: SortedLinks :(45) RightHandMiddle3
[2014.09.27-18.25.05:281][131]LogFbx: SortedLinks :(46) RightHandMiddle4
[2014.09.27-18.25.05:281][131]LogFbx: SortedLinks :(47) RightHandRing1
[2014.09.27-18.25.05:281][131]LogFbx: SortedLinks :(48) RightHandRing2
[2014.09.27-18.25.05:281][131]LogFbx: SortedLinks :(49) RightHandRing3
[2014.09.27-18.25.05:281][131]LogFbx: SortedLinks :(50) RightHandRing4
[2014.09.27-18.25.05:281][131]LogFbx: SortedLinks :(51) RightHandPinky1
[2014.09.27-18.25.05:281][131]LogFbx: SortedLinks :(52) RightHandPinky2
[2014.09.27-18.25.05:281][131]LogFbx: SortedLinks :(53) RightHandPinky3
[2014.09.27-18.25.05:281][131]LogFbx: SortedLinks :(54) RightHandPinky4
[2014.09.27-18.25.05:281][131]LogFbx: SortedLinks :(55) LeftUpLeg
[2014.09.27-18.25.05:281][131]LogFbx: SortedLinks :(56) LeftLeg
[2014.09.27-18.25.05:281][131]LogFbx: SortedLinks :(57) LeftFoot
[2014.09.27-18.25.05:281][131]LogFbx: SortedLinks :(58) LeftToeBase
[2014.09.27-18.25.05:281][131]LogFbx: SortedLinks :(59) LeftToe_End
[2014.09.27-18.25.05:281][131]LogFbx: SortedLinks :(60) RightUpLeg
[2014.09.27-18.25.05:281][131]LogFbx: SortedLinks :(61) RightLeg
[2014.09.27-18.25.05:281][131]LogFbx: SortedLinks :(62) RightFoot
[2014.09.27-18.25.05:281][131]LogFbx: SortedLinks :(63) RightToeBase
[2014.09.27-18.25.05:281][131]LogFbx: SortedLinks :(64) RightToe_End
[2014.09.27-18.25.05:376][131]LogFbx: Parsing AnimStack mixamo.com
[2014.09.27-18.25.05:417][131]LogLinker:Warning: Can't find file '/Game/Animations/Mycharacter/rifle_run'
[2014.09.27-18.25.05:417][131]LogUObjectGlobals:Warning: Failed to find object 'Object /Game/Animations/Mycharacter/rifle_run.rifle_run'
[2014.09.27-18.25.06:252][131]LogContentBrowser:Verbose: The content browser source was changed by the sources view to 'None'
[2014.09.27-18.25.06:252][131]LogContentBrowser:Verbose: The content browser source was changed by the sources view to '/Game/Animations/Mycharacter'
[2014.09.27-18.25.11:009][453]Cmd: OBJ SAVEPACKAGE PACKAGE="/Game/Maps/Example_Map" FILE="../../../../../../Github/UnrealEngine/First-Game/Content/Maps/Example_Map.umap" SILENT=true AUTOSAVING=false KEEPDIRTY=false
[2014.09.27-18.25.11:095][453]LogActorComponent: UnregisterComponent: (/Engine/Transient.CharacterMovementComponent_1) Not registered. Aborting.
[2014.09.27-18.25.12:884][453]LogSavePackage: Save=1085.777466ms
[2014.09.27-18.25.12:884][453]LogSavePackage: Moving '../../../../../../Github/UnrealEngine/First-Game/Saved/Example_Map94AB466F444B3A27379C4EA01D4AFFDF.tmp' to '../../../../../../Github/UnrealEngine/First-Game/Content/Maps/Example_Map.umap'
[2014.09.27-18.25.15:898][607]Cmd: OBJ SAVEPACKAGE PACKAGE="/Game/Animations/Mycharacter/rifle_run" FILE="../../../../../../Github/UnrealEngine/First-Game/Content/Animations/Mycharacter/rifle_run.uasset" SILENT=true
[2014.09.27-18.25.16:300][607]LogSavePackage: Save=399.532318ms
[2014.09.27-18.25.16:300][607]LogSavePackage: Moving '../../../../../../Github/UnrealEngine/First-Game/Saved/rifle_run52B4FC5C4D4A70E8C6F0FDA9C0A7650B.tmp' to '../../../../../../Github/UnrealEngine/First-Game/Content/Animations/Mycharacter/rifle_run.uasset'
[2014.09.27-18.25.20:955][721]LogSkeletalMesh: InitArticulated: Bodies already created (/Engine/Transient.DebugSkelMeshComponent_0) - call TermArticulated first.
[2014.09.27-18.25.21:823][721]LogContentBrowser:Verbose: The majority of assets in the view are of type: AnimSequence
[2014.09.27-18.25.41:942][ 78]Cmd: OBJ SAVEPACKAGE PACKAGE="/Game/Animations/Mycharacter/Idle_Walk_Run" FILE="../../../../../../Github/UnrealEngine/First-Game/Content/Animations/Mycharacter/Idle_Walk_Run.uasset" SILENT=true
[2014.09.27-18.25.42:254][ 78]LogSavePackage: Save=283.610596ms
[2014.09.27-18.25.42:254][ 78]LogSavePackage: Moving '../../../../../../Github/UnrealEngine/First-Game/Saved/Idle_Walk_Run970F27A44AC01FF2FD18D7B6583625EC.tmp' to '../../../../../../Github/UnrealEngine/First-Game/Content/Animations/Mycharacter/Idle_Walk_Run.uasset'
[2014.09.27-18.34.11:006][634]LogSkeletalMesh: InitArticulated: Bodies already created (/Engine/Transient.DebugSkelMeshComponent_2) - call TermArticulated first.
[2014.09.27-18.34.11:054][634]LogContentBrowser:Verbose: The majority of assets in the view are of type: AnimSequence
[2014.09.27-19.12.04:003][541]LogParticles: Destroying 0 GPU particle simulations for FXSystem 0x00000000214F0900
[2014.09.27-19.12.04:003][541]LogParticles: Destroying 0 GPU particle simulations for FXSystem 0x00000000214F25C0
[2014.09.27-19.12.04:003][541]LogParticles: Destroying 0 GPU particle simulations for FXSystem 0x0000000022B0F240
[2014.09.27-19.12.04:153][541]LogParticles: Destroying 0 GPU particle simulations for FXSystem 0x0000000022E29080
[2014.09.27-19.12.04:605][542]Cmd: QUIT_EDITOR
[2014.09.27-19.12.04:895][542]LogWindowsTextInputMethodSystem:Error: Terminating failed while unadvising the language notification sink from the TSF source.
[2014.09.27-19.12.04:951][542]LogExit: Preparing to exit.
[2014.09.27-19.12.06:140][542]LogExit: Editor shut down
[2014.09.27-19.12.06:141][542]LogExit: Transaction tracking system shut down
[2014.09.27-19.12.06:141][542]LogParticles: Destroying 0 GPU particle simulations for FXSystem 0x000000000FDF0D60
[2014.09.27-19.12.06:141][542]LogParticles: Destroying 0 GPU particle simulations for FXSystem 0x000000001028EB60
[2014.09.27-19.12.07:107][542]LogParticles: Destroying 0 GPU particle simulations for FXSystem 0x0000000018304180
[2014.09.27-19.12.07:107][542]LogParticles: Destroying 0 GPU particle simulations for FXSystem 0x000000000FCEBA60
[2014.09.27-19.12.07:107][542]LogParticles: Destroying 0 GPU particle simulations for FXSystem 0x000000001040DBC0
[2014.09.27-19.12.07:107][542]LogExit: Object subsystem successfully closed.
[2014.09.27-19.12.08:416][542]LogModuleManager: Shutting down and abandoning module AndroidDeviceDetection (161)
[2014.09.27-19.12.08:427][542]LogModuleManager: Shutting down and abandoning module HTTP (160)
[2014.09.27-19.12.08:427][542]LogModuleManager: Shutting down and abandoning module CrashTracker (159)
[2014.09.27-19.12.08:427][542]LogModuleManager: Shutting down and abandoning module SuperSearch (158)
[2014.09.27-19.12.08:431][542]LogModuleManager: Shutting down and abandoning module SceneOutliner (157)
[2014.09.27-19.12.08:431][542]LogModuleManager: Shutting down and abandoning module EditorWidgets (156)
[2014.09.27-19.12.08:431][542]LogModuleManager: Shutting down and abandoning module CollectionManager (155)
[2014.09.27-19.12.08:441][542]LogModuleManager: Shutting down and abandoning module StatsViewer (154)
[2014.09.27-19.12.08:459][542]LogModuleManager: Shutting down and abandoning module FoliageEdit (153)
[2014.09.27-19.12.08:459][542]LogModuleManager: Shutting down and abandoning module LandscapeEditor (152)
[2014.09.27-19.12.08:492][542]LogModuleManager: Shutting down and abandoning module MeshPaint (151)
[2014.09.27-19.12.08:492][542]LogModuleManager: Shutting down and abandoning module ActorPickerMode (150)
[2014.09.27-19.12.08:492][542]LogModuleManager: Shutting down and abandoning module GeometryMode (149)
[2014.09.27-19.12.08:492][542]LogModuleManager: Shutting down and abandoning module TextureAlignMode (148)
[2014.09.27-19.12.08:492][542]LogModuleManager: Shutting down and abandoning module BspMode (147)
[2014.09.27-19.12.08:492][542]LogModuleManager: Shutting down and abandoning module PlacementMode (146)
[2014.09.27-19.12.08:492][542]LogModuleManager: Shutting down and abandoning module DesktopPlatform (145)
[2014.09.27-19.12.08:568][542]LogModuleManager: Shutting down and abandoning module AutomationWorker (144)
[2014.09.27-19.12.08:568][542]LogModuleManager: Shutting down and abandoning module EditorLiveStreaming (143)
[2014.09.27-19.12.08:592][542]LogModuleManager: Shutting down and abandoning module BehaviorTreeEditor (142)
[2014.09.27-19.12.08:675][542]LogModuleManager: Shutting down and abandoning module DeviceProfileEditor (141)
[2014.09.27-19.12.08:675][542]LogModuleManager: Shutting down and abandoning module UndoHistory (140)
[2014.09.27-19.12.08:675][542]LogModuleManager: Shutting down and abandoning module GameplayTagsEditor (139)
[2014.09.27-19.12.08:675][542]LogModuleManager: Shutting down and abandoning module UserFeedback (138)
[2014.09.27-19.12.08:675][542]LogModuleManager: Shutting down and abandoning module XmlParser (137)
[2014.09.27-19.12.08:678][542]LogModuleManager: Shutting down and abandoning module Blutility (136)
[2014.09.27-19.12.08:690][542]LogModuleManager: Shutting down and abandoning module IOSPlatformEditor (135)
[2014.09.27-19.12.08:690][542]LogModuleManager: Shutting down and abandoning module IOSRuntimeSettings (134)
[2014.09.27-19.12.08:690][542]LogModuleManager: Shutting down and abandoning module AndroidPlatformEditor (133)
[2014.09.27-19.12.08:690][542]LogModuleManager: Shutting down and abandoning module AndroidRuntimeSettings (132)
[2014.09.27-19.12.08:690][542]LogModuleManager: Shutting down and abandoning module ProjectTargetPlatformEditor (131)
[2014.09.27-19.12.08:734][542]LogModuleManager: Shutting down and abandoning module ProjectSettingsViewer (130)
[2014.09.27-19.12.08:734][542]LogModuleManager: Shutting down and abandoning module InputBindingEditor (129)
[2014.09.27-19.12.08:790][542]LogModuleManager: Shutting down and abandoning module EditorSettingsViewer (128)
[2014.09.27-19.12.08:790][542]LogModuleManager: Shutting down and abandoning module SettingsEditor (127)
[2014.09.27-19.12.08:794][542]LogModuleManager: Shutting down and abandoning module SessionLauncher (126)
[2014.09.27-19.12.08:843][542]LogModuleManager: Shutting down and abandoning module SessionFrontend (125)
[2014.09.27-19.12.08:861][542]LogModuleManager: Shutting down and abandoning module ProfilerClient (124)
[2014.09.27-19.12.08:874][542]LogModuleManager: Shutting down and abandoning module TargetDeviceServices (123)
[2014.09.27-19.12.08:874][542]LogModuleManager: Shutting down and abandoning module DeviceManager (122)
[2014.09.27-19.12.08:882][542]LogModuleManager: Shutting down and abandoning module AutomationController (121)
[2014.09.27-19.12.08:882][542]LogModuleManager: Shutting down and abandoning module AutomationWindow (120)
[2014.09.27-19.12.08:894][542]LogModuleManager: Shutting down and abandoning module Layers (119)
[2014.09.27-19.12.08:961][542]LogModuleManager: Shutting down and abandoning module ComponentVisualizers (118)
[2014.09.27-19.12.08:961][542]LogModuleManager: Shutting down and abandoning module DetailCustomizations (117)
[2014.09.27-19.12.09:027][542]LogModuleManager: Shutting down and abandoning module PackagesDialog (116)
[2014.09.27-19.12.09:028][542]LogModuleManager: Shutting down and abandoning module DirectoryWatcher (115)
[2014.09.27-19.12.09:028][542]LogModuleManager: Shutting down and abandoning module AssetRegistry (114)
[2014.09.27-19.12.09:077][542]LogModuleManager: Shutting down and abandoning module Persona (113)
[2014.09.27-19.12.09:077][542]LogModuleManager: Shutting down and abandoning module GraphEditor (112)
[2014.09.27-19.12.09:111][542]LogModuleManager: Shutting down and abandoning module ClassViewer (111)
[2014.09.27-19.12.09:114][542]LogModuleManager: Shutting down and abandoning module Toolbox (110)
[2014.09.27-19.12.09:115][542]LogModuleManager: Shutting down and abandoning module ModuleUI (109)
[2014.09.27-19.12.09:123][542]LogModuleManager: Shutting down and abandoning module MovieSceneTools (108)
[2014.09.27-19.12.09:176][542]LogModuleManager: Shutting down and abandoning module OutputLog (107)
[2014.09.27-19.12.09:176][542]LogModuleManager: Shutting down and abandoning module GammaUI (106)
[2014.09.27-19.12.09:183][542]LogModuleManager: Shutting down and abandoning module Documentation (105)
[2014.09.27-19.12.09:183][542]LogModuleManager: Shutting down and abandoning module GameLiveStreaming (104)
[2014.09.27-19.12.09:183][542]LogModuleManager: Shutting down and abandoning module StreamingPauseRendering (103)
[2014.09.27-19.12.09:186][542]LogModuleManager: Shutting down and abandoning module AnalyticsET (102)
[2014.09.27-19.12.09:186][542]LogModuleManager: Shutting down and abandoning module Analytics (101)
[2014.09.27-19.12.09:186][542]LogModuleManager: Shutting down and abandoning module GameplayDebugger (100)
[2014.09.27-19.12.09:186][542]LogModuleManager: Shutting down and abandoning module AIModule (99)
[2014.09.27-19.12.09:189][542]LogModuleManager: Shutting down and abandoning module ProfilerService (98)
[2014.09.27-19.12.09:424][542]LogModuleManager: Shutting down and abandoning module TaskGraph (97)
[2014.09.27-19.12.09:463][542]LogModuleManager: Shutting down and abandoning module SlateRemote (96)
[2014.09.27-19.12.09:464][542]LogModuleManager: Shutting down and abandoning module ScriptEditorPlugin (95)
[2014.09.27-19.12.09:464][542]LogModuleManager: Shutting down and abandoning module CustomMeshComponent (94)
[2014.09.27-19.12.09:464][542]LogModuleManager: Shutting down and abandoning module CableComponent (93)
[2014.09.27-19.12.09:464][542]LogModuleManager: Shutting down and abandoning module MessagingDebugger (92)
[2014.09.27-19.12.09:582][542]LogModuleManager: Shutting down and abandoning module ViewportSnapping (91)
[2014.09.27-19.12.09:582][542]LogModuleManager: Shutting down and abandoning module SmartSnapping (90)
[2014.09.27-19.12.09:582][542]LogModuleManager: Shutting down and abandoning module PaperTiledImporter (89)
[2014.09.27-19.12.09:582][542]LogModuleManager: Shutting down and abandoning module PaperJsonImporter (88)
[2014.09.27-19.12.09:582][542]LogModuleManager: Shutting down and abandoning module GameProjectGeneration (87)
[2014.09.27-19.12.09:582][542]LogModuleManager: Shutting down and abandoning module Matinee (86)
[2014.09.27-19.12.09:626][542]LogModuleManager: Shutting down and abandoning module Kismet (85)
[2014.09.27-19.12.09:640][542]LogModuleManager: Shutting down and abandoning module SlateReflector (84)
[2014.09.27-19.12.09:657][542]LogModuleManager: Shutting down and abandoning module LevelEditor (83)
[2014.09.27-19.12.09:671][542]LogModuleManager: Shutting down and abandoning module IntroTutorials (82)
[2014.09.27-19.12.09:750][542]LogModuleManager: Shutting down and abandoning module ContentBrowser (81)
[2014.09.27-19.12.09:750][542]LogModuleManager: Shutting down and abandoning module PropertyEditor (80)
[2014.09.27-19.12.09:815][542]LogModuleManager: Shutting down and abandoning module Paper2DEditor (79)
[2014.09.27-19.12.09:868][542]LogModuleManager: Shutting down and abandoning module SpeedTreeImporter (78)
[2014.09.27-19.12.09:868][542]LogModuleManager: Shutting down and abandoning module PluginsEditor (77)
[2014.09.27-19.12.09:895][542]LogModuleManager: Shutting down and abandoning module MainFrame (76)
[2014.09.27-19.12.09:896][542]LogModuleManager: Shutting down and abandoning module EpicSurvey (75)
[2014.09.27-19.12.09:906][542]LogModuleManager: Shutting down and abandoning module VisualStudioSourceCodeAccess (74)
[2014.09.27-19.12.09:923][542]LogModuleManager: Shutting down and abandoning module UObjectPlugin (73)
[2014.09.27-19.12.09:923][542]LogModuleManager: Shutting down and abandoning module SubversionSourceControl (72)
[2014.09.27-19.12.09:927][542]LogModuleManager: Shutting down and abandoning module SourceControl (71)
[2014.09.27-19.12.09:951][542]LogModuleManager: Shutting down and abandoning module PerforceSourceControl (70)
[2014.09.27-19.12.09:995][542]LogModuleManager: Shutting down and abandoning module BlankPlugin (69)
[2014.09.27-19.12.09:995][542]LogModuleManager: Shutting down and abandoning module ScriptPlugin (68)
[2014.09.27-19.12.10:011][542]LogModuleManager: Shutting down and abandoning module UdpMessaging (67)
[2014.09.27-19.12.10:111][542]LogModuleManager: Shutting down and abandoning module Paper2D (66)
[2014.09.27-19.12.10:117][542]LogModuleManager: Shutting down and abandoning module WindowsMoviePlayer (65)
[2014.09.27-19.12.10:170][542]LogModuleManager: Shutting down and abandoning module ImageWrapper (64)
[2014.09.27-19.12.10:170][542]LogModuleManager: Shutting down and abandoning module OnlineBlueprintSupport (63)
[2014.09.27-19.12.10:170][542]LogModuleManager: Shutting down and abandoning module FunctionalTesting (62)
[2014.09.27-19.12.10:192][542]LogModuleManager: Shutting down and abandoning module CollisionAnalyzer (61)
[2014.09.27-19.12.10:205][542]LogModuleManager: Shutting down and abandoning module WorkspaceMenuStructure (60)
[2014.09.27-19.12.10:205][542]LogModuleManager: Shutting down and abandoning module MessageLog (59)
[2014.09.27-19.12.10:205][542]LogModuleManager: Shutting down and abandoning module Sequencer (58)
[2014.09.27-19.12.10:285][542]LogModuleManager: Shutting down and abandoning module AssetTools (57)
[2014.09.27-19.12.10:345][542]LogModuleManager: Shutting down and abandoning module UMGEditor (56)
[2014.09.27-19.12.10:368][542]LogModuleManager: Shutting down and abandoning module UMG (55)
[2014.09.27-19.12.10:379][542]LogModuleManager: Shutting down and abandoning module Slate (54)
[2014.09.27-19.12.10:379][542]LogModuleManager: Shutting down and abandoning module EditorStyle (53)
[2014.09.27-19.12.10:397][542]LogModuleManager: Shutting down and abandoning module SessionServices (52)
[2014.09.27-19.12.10:397][542]LogModuleManager: Shutting down and abandoning module SourceCodeAccess (51)
[2014.09.27-19.12.10:397][542]LogModuleManager: Shutting down and abandoning module HeadMountedDisplay (50)
[2014.09.27-19.12.10:397][542]LogModuleManager: Shutting down and abandoning module XAudio2 (49)
[2014.09.27-19.12.10:397][542]LogModuleManager: Shutting down and abandoning module Networking (47)
[2014.09.27-19.12.10:397][542]LogModuleManager: Shutting down and abandoning module Core (46)
[2014.09.27-19.12.10:397][542]LogModuleManager: Shutting down and abandoning module KismetCompiler (45)
[2014.09.27-19.12.10:397][542]LogModuleManager: Shutting down and abandoning module PhysXFormats (44)
[2014.09.27-19.12.10:397][542]LogModuleManager: Shutting down and abandoning module MeshUtilities (43)
[2014.09.27-19.12.10:418][542]LogModuleManager: Shutting down and abandoning module DerivedDataCache (42)
[2014.09.27-19.12.10:463][542]LogDerivedDataCache: Shutdown
[2014.09.27-19.12.10:463][542]LogModuleManager: Shutting down and abandoning module ShaderFormatOpenGL (41)
[2014.09.27-19.12.10:475][542]LogModuleManager: Shutting down and abandoning module ShaderFormatD3D (40)
[2014.09.27-19.12.10:477][542]LogModuleManager: Shutting down and abandoning module MetalShaderFormat (39)
[2014.09.27-19.12.10:484][542]LogModuleManager: Shutting down and abandoning module TextureFormatUncompressed (38)
[2014.09.27-19.12.10:484][542]LogModuleManager: Shutting down and abandoning module TextureFormatPVR (37)
[2014.09.27-19.12.10:484][542]LogModuleManager: Shutting down and abandoning module TextureFormatDXT (36)
[2014.09.27-19.12.10:496][542]LogModuleManager: Shutting down and abandoning module TextureFormatAndroid (35)
[2014.09.27-19.12.10:496][542]LogModuleManager: Shutting down and abandoning module AudioFormatOpus (34)
[2014.09.27-19.12.10:507][542]LogModuleManager: Shutting down and abandoning module AudioFormatOgg (33)
[2014.09.27-19.12.10:507][542]LogModuleManager: Shutting down and abandoning module AudioFormatADPCM (32)
[2014.09.27-19.12.10:507][542]LogModuleManager: Shutting down and abandoning module Messaging (31)
[2014.09.27-19.12.10:507][542]LogModuleManager: Shutting down and abandoning module IOSTargetPlatform (30)
[2014.09.27-19.12.10:507][542]LogModuleManager: Shutting down and abandoning module Android_PVRTCTargetPlatform (29)
[2014.09.27-19.12.10:507][542]LogModuleManager: Shutting down and abandoning module Android_ETC2TargetPlatform (28)
[2014.09.27-19.12.10:507][542]LogModuleManager: Shutting down and abandoning module Android_ETC1TargetPlatform (27)
[2014.09.27-19.12.10:507][542]LogModuleManager: Shutting down and abandoning module Android_DXTTargetPlatform (26)
[2014.09.27-19.12.10:507][542]LogModuleManager: Shutting down and abandoning module Android_ATCTargetPlatform (25)
[2014.09.27-19.12.10:507][542]LogModuleManager: Shutting down and abandoning module AndroidTargetPlatform (24)
[2014.09.27-19.12.10:507][542]LogModuleManager: Shutting down and abandoning module WindowsTargetPlatform (23)
[2014.09.27-19.12.10:507][542]LogModuleManager: Shutting down and abandoning module WindowsServerTargetPlatform (22)
[2014.09.27-19.12.10:507][542]LogModuleManager: Shutting down and abandoning module WindowsNoEditorTargetPlatform (21)
[2014.09.27-19.12.10:507][542]LogModuleManager: Shutting down and abandoning module WindowsClientTargetPlatform (20)
[2014.09.27-19.12.10:507][542]LogModuleManager: Shutting down and abandoning module TargetPlatform (19)
[2014.09.27-19.12.10:507][542]LogModuleManager: Shutting down and abandoning module InputCore (18)
[2014.09.27-19.12.10:507][542]LogModuleManager: Shutting down and abandoning module Settings (17)
[2014.09.27-19.12.10:507][542]LogModuleManager: Shutting down and abandoning module ExampleDeviceProfileSelector (14)
[2014.09.27-19.12.10:507][542]LogModuleManager: Shutting down and abandoning module OculusRift (13)
[2014.09.27-19.12.10:507][542]LogModuleManager: Shutting down and abandoning module TextureCompressor (12)
[2014.09.27-19.12.10:520][542]LogModuleManager: Shutting down and abandoning module ShaderCore (11)
[2014.09.27-19.12.10:520][542]LogModuleManager: Shutting down and abandoning module OpenGLDrv (10)
[2014.09.27-19.12.10:520][542]LogModuleManager: Shutting down and abandoning module D3D11RHI (9)
[2014.09.27-19.12.10:520][542]LogModuleManager: Shutting down and abandoning module SlateRHIRenderer (8)
[2014.09.27-19.12.10:520][542]LogModuleManager: Shutting down and abandoning module Renderer (7)
[2014.09.27-19.12.10:520][542]LogModuleManager: Shutting down and abandoning module Engine (6)
[2014.09.27-19.12.10:520][542]LogModuleManager: Shutting down and abandoning module CoreUObject (5)
[2014.09.27-19.12.10:520][542]LogModuleManager: Shutting down and abandoning module NetworkFile (4)
[2014.09.27-19.12.10:528][542]LogModuleManager: Shutting down and abandoning module StreamingFile (3)
[2014.09.27-19.12.10:533][542]LogModuleManager: Shutting down and abandoning module SandboxFile (2)
[2014.09.27-19.12.10:544][542]LogModuleManager: Shutting down and abandoning module PakFile (1)
[2014.09.27-19.12.10:550][542]LogExit: Exiting.
[2014.09.27-19.12.10:552][542]Log file closed, 09/27/14 21:12:10
