Log file open, 09/27/14 20:00:46
LogInit:Display: Running engine for game: FirstGame
LogInit: Version: 4.4.3-2296771+++depot+UE4-Releases+4.4
LogInit: API Version: 2255576
LogInit: Compiled (64-bit): Sep 13 2014 22:30:58
LogInit: Build Configuration: Development
LogInit: Branch Name: ++depot+UE4-Releases+4.4
LogInit: Command line:  
LogInit: Base directory: D:/Programme/Unreal Engine/4.4/Engine/Binaries/Win64/
LogInit: Rocket: 1
[2014.09.27-18.00.46:492][  0]LogTaskGraph: Started task graph with 3 named threads and 4 total threads.
[2014.09.27-18.00.46:516][  0]LogOnline:Warning: No default platform service specified for OnlineSubsystem
[2014.09.27-18.00.46:666][  0]LogInit: Presizing for 0 objects not considered by GC, pre-allocating 0 bytes.
[2014.09.27-18.00.46:670][  0]LogInit: Object subsystem initialized
[2014.09.27-18.00.46:672][  0]LogInit: Selected Device Profile: [Windows]
[2014.09.27-18.00.46:672][  0]LogInit: Applying CVar settings loaded from the selected device profile: [Windows]
[2014.09.27-18.00.46:733][  0]LogInit: Computer: MASTERPC
[2014.09.27-18.00.46:733][  0]LogInit: User: Endero
[2014.09.27-18.00.46:734][  0]LogInit: CPU Page size=4096, Cores=4
[2014.09.27-18.00.46:734][  0]LogInit: High frequency timer resolution =3.513603 MHz
[2014.09.27-18.00.46:734][  0]LogMemory: Memory total: Physical=15.9GB (16GB approx) Virtual=8192.0GB
[2014.09.27-18.00.46:734][  0]LogMemory: Platform Memory Stats for Windows
[2014.09.27-18.00.46:734][  0]LogMemory: Process Physical Memory: 62.56 MB used, 62.56 MB peak
[2014.09.27-18.00.46:734][  0]LogMemory: Process Virtual Memory: 38.35 MB used, 41.61 MB peak
[2014.09.27-18.00.46:734][  0]LogMemory: Physical Memory: 7661.14 MB used, 16321.48 MB total
[2014.09.27-18.00.46:734][  0]LogMemory: Virtual Memory: 261.26 MB used, 8388608.00 MB total
[2014.09.27-18.00.46:764][  0]LogD3D11RHI: Found D3D11 adapter 0: AMD Radeon R9 200 Series (Feature Level 11_0)
[2014.09.27-18.00.46:764][  0]LogD3D11RHI: Adapter has 2022MB of dedicated video memory, 0MB of dedicated system memory, and 7904MB of shared system memory, 2 output[s]
[2014.09.27-18.00.46:764][  0]LogD3D11RHI: Chosen D3D11 Adapter Id = 0
[2014.09.27-18.00.46:769][  0]LogRHI: Texture pool is 1361 MB (70% of 1945 MB)
[2014.09.27-18.00.46:772][  0]LogD3D11RHI: Async texture creation disabled: no driver support
[2014.09.27-18.00.47:034][  0]LogTextLocalizationManager:Warning: The selected culture 'de_CH' is not available; falling back to 'en'
[2014.09.27-18.00.47:884][  0]LogContentStreaming: Texture pool size is 0.000000MB
[2014.09.27-18.00.51:970][  0]LogTargetPlatformManager:Display: Building Assets For Windows
[2014.09.27-18.00.52:513][  0]LogTargetPlatformManager:Display: Building Assets For Windows
[2014.09.27-18.00.52:559][  0]LogDerivedDataCache:Display: Max Cache Size: 512 MB
[2014.09.27-18.00.52:793][  0]LogDerivedDataCache: Loaded boot cache 0.23s 67MB C:/Users/Endero/AppData/Local/UnrealEngine/4.4/DerivedDataCache/Boot.ddc.
[2014.09.27-18.00.52:793][  0]LogDerivedDataCache:Display: Loaded Boot cache: C:/Users/Endero/AppData/Local/UnrealEngine/4.4/DerivedDataCache/Boot.ddc
[2014.09.27-18.00.52:793][  0]LogDerivedDataCache: FDerivedDataBackendGraph:  Pak pak cache file ../../../../../../Github/UnrealEngine/First-Game/DerivedDataCache/DDC.ddp not found, will not use a pak cache.
[2014.09.27-18.00.52:793][  0]LogDerivedDataCache: Unable to find inner node Pak for hierarchical cache Hierarchy.
[2014.09.27-18.00.52:935][  0]LogDerivedDataCache:Display: Pak cache opened for reading ../../../Engine/DerivedDataCache/DDC.ddp.
[2014.09.27-18.00.52:946][  0]LogDerivedDataCache: Using Local data cache path C:/Users/Endero/AppData/Local/UnrealEngine/4.4/DerivedDataCache: Writable
[2014.09.27-18.00.55:016][  0]LogMeshUtilities: No automatic mesh reduction module available
[2014.09.27-18.00.55:016][  0]LogMeshUtilities: No automatic mesh merging module available
[2014.09.27-18.00.55:535][  0]LogInit: WinSock: version 1.1 (2.2), MaxSocks=32767, MaxUdp=65467
[2014.09.27-18.01.03:104][  0]LogStats:Warning: MetaData mismatch. Did you assign a stat to two groups? New //STATGROUP_Threads//FMonitoredProcess///Thread_2a64_0///////STATCAT_Advanced//// old //STATGROUP_Threads//FMonitoredProcess///Thread_23ac_0///////STATCAT_Advanced////
[2014.09.27-18.01.03:104][  0]UdpMessaging: Initializing bridge on interface 0.0.0.0:0 to multicast group 230.0.0.1:6666.
[2014.09.27-18.01.03:275][  0]SourceControl: Info Source control is disabled
[2014.09.27-18.01.03:275][  0]SourceControl: Info Source control is disabled
[2014.09.27-18.01.03:278][  0]SourceControl: Info Source control is disabled
[2014.09.27-18.01.03:904][  0]BlueprintLog: New page: Editor Load
[2014.09.27-18.01.04:221][  0]LogObj: 21438 objects as part of root set at end of initial load.
[2014.09.27-18.01.04:221][  0]LogUObjectAllocator: 4218656 out of 0 bytes used by permanent object pool.
[2014.09.27-18.01.04:773][  0]LogEngine: Initializing Engine...
[2014.09.27-18.01.04:843][  0]LogInit: XAudio2 using 'Lautsprecher (2- Wireless Stereo Headset)' : 2 channels at 44.1 kHz using 16 bits per sample (channel mask 0x3)
[2014.09.27-18.01.04:849][  0]LogInit: FAudioDevice initialized.
[2014.09.27-18.01.04:882][  0]LogAIModule: Creating AISystem for world NewWorld
[2014.09.27-18.01.04:916][  0]LogDerivedDataCache: Saved boot cache 0.03s 67MB C:/Users/Endero/AppData/Local/UnrealEngine/4.4/DerivedDataCache/Boot.ddc.
[2014.09.27-18.01.04:922][  0]LogInit: Texture streaming: Enabled
[2014.09.27-18.01.04:974][  0]LogInit: Transaction tracking system initialized
[2014.09.27-18.01.05:157][  0]LogAssetRegistry: FAssetRegistry took 0.0095 seconds to start up
[2014.09.27-18.01.06:438][  0]LogTargetPlatformManager:Display: Building Assets For Windows
[2014.09.27-18.01.06:648][  0]LogTargetPlatformManager:Display: Building Assets For Windows
[2014.09.27-18.01.06:904][  0]LogConsoleResponse:Display: 
[2014.09.27-18.01.07:765][  0]LogStats:Warning: MetaData mismatch. Did you assign a stat to two groups? New //STATGROUP_Threads//FMonitoredProcess///Thread_34ac_0///////STATCAT_Advanced//// old //STATGROUP_Threads//FMonitoredProcess///Thread_23ac_0///////STATCAT_Advanced////
[2014.09.27-18.01.07:765][  0]LogStats:Warning: MetaData mismatch. Did you assign a stat to two groups? New //STATGROUP_Threads//FMonitoredProcess///Thread_2a1c_0///////STATCAT_Advanced//// old //STATGROUP_Threads//FMonitoredProcess///Thread_23ac_0///////STATCAT_Advanced////
[2014.09.27-18.01.07:765][  0]SourceControl: Info Source control is disabled
[2014.09.27-18.01.07:765][  0]Cmd: MAP LOAD FILE="../../../../../../Github/UnrealEngine/First-Game/Content/Maps/Example_Map.umap" TEMPLATE=0 SHOWPROGRESS=1
[2014.09.27-18.01.07:765][  0]LightingResults: New page: Lighting Build
[2014.09.27-18.01.07:770][  0]MapCheck: New page: Map Check
[2014.09.27-18.01.07:770][  0]LightingResults: New page: Lighting Build
[2014.09.27-18.01.07:780][  0]LogParticles: Destroying 0 GPU particle simulations for FXSystem 0x00000000146B4680
[2014.09.27-18.01.08:363][  0]BlueprintLog:Warning: Warning Blueprint MyGame has been migrated and requires re-saving to avoid import errors
[2014.09.27-18.01.08:367][  0]BlueprintLog:Warning: Warning Blueprint MyHUD has been migrated and requires re-saving to avoid import errors
[2014.09.27-18.01.08:460][  0]LogEditorServer: Finished looking for orphan Actors (0.000 secs)
[2014.09.27-18.01.08:461][  0]LogAIModule: Creating AISystem for world Example_Map
[2014.09.27-18.01.08:461][  0]Cmd: MAP CHECKDEP
[2014.09.27-18.01.08:461][  0]MapCheck: New page: Example_Map - Sep 27, 2014, 10:01:08 PM
[2014.09.27-18.01.08:501][  0]MapCheck: Info ========== Map Check: 0 Error(s), 0 Warning(s), [39.436ms] ==========
[2014.09.27-18.01.08:501][  0]LogFileHelpers: Loading map 'Example_Map' took 0.736
[2014.09.27-18.01.08:635][  0]LogCollectionManager: Loaded 0 collections in 0.000680 seconds
[2014.09.27-18.01.09:122][  0]LogCrashTracker: Crashtracker disabled due to settings.
[2014.09.27-18.01.09:186][  0]LogLoad: Full Startup: 30.33 seconds (BP compile: 0.11 seconds)
[2014.09.27-18.01.09:200][  0]LogContentBrowser:Verbose: The content browser source was changed by the sources view to '/Game/Blueprints'
[2014.09.27-18.01.09:559][  0]LogRenderer:Warning: Reallocating scene render targets to support 960x912.
[2014.09.27-18.01.09:837][  2]LogAssetRegistry: Asset discovery search completed in 4.6906 seconds
[2014.09.27-18.01.18:830][792]LogPlayLevel: PIE:  No blueprints needed recompiling
[2014.09.27-18.01.18:830][792]PIE: New page: PIE session: Example_Map (Sep 27, 2014, 10:01:18 PM)
[2014.09.27-18.01.18:850][792]LogPlayLevel: PIE: StaticDuplicateObject took: (0.019557s)
[2014.09.27-18.01.18:851][792]LogPlayLevel: PIE: World Init took: (0.001576s)
[2014.09.27-18.01.18:851][792]LogPlayLevel: PIE: Created PIE world by copying editor world from /Game/Maps/Example_Map.Example_Map to /Game/Maps/UEDPIE_0_Example_Map.Example_Map (0.021432s)
[2014.09.27-18.01.18:889][792]LogWorld: Game class is 'MyGame_C'
[2014.09.27-18.01.18:890][792]LogAIModule: Creating AISystem for world Example_Map
[2014.09.27-18.01.18:891][792]LogWorld: Bringing World /Game/Maps/UEDPIE_0_Example_Map.Example_Map up for play (max tick rate 0) at 2014.09.27-20.01.18
[2014.09.27-18.01.18:892][792]LogWorld: Bringing up level for play took: 0.001736
[2014.09.27-18.01.18:893][792]PIE: Info Play in editor start time for /Game/Maps/UEDPIE_0_Example_Map 0.065
[2014.09.27-18.01.27:483][809]LogActorComponent: UnregisterComponent: (/Engine/Transient.CharacterMovementComponent_0) Not registered. Aborting.
[2014.09.27-18.01.27:501][809]LogParticles: Destroying 0 GPU particle simulations for FXSystem 0x00000000214A54E0
[2014.09.27-18.01.28:820][931]LogActorComponent: UnregisterComponent: (/Engine/Transient.CharacterMovementComponent_1) Not registered. Aborting.
[2014.09.27-18.01.30:214][ 47]Cmd: QUIT_EDITOR
[2014.09.27-18.01.30:293][ 47]LogWindowsTextInputMethodSystem:Error: Terminating failed while unadvising the language notification sink from the TSF source.
[2014.09.27-18.01.30:294][ 47]LogExit: Preparing to exit.
[2014.09.27-18.01.31:174][ 47]LogExit: Editor shut down
[2014.09.27-18.01.31:175][ 47]LogExit: Transaction tracking system shut down
[2014.09.27-18.01.31:175][ 47]LogParticles: Destroying 0 GPU particle simulations for FXSystem 0x000000000FBD2B60
[2014.09.27-18.01.31:192][ 47]LogParticles: Destroying 0 GPU particle simulations for FXSystem 0x000000001A02F920
[2014.09.27-18.01.31:192][ 47]LogExit: Object subsystem successfully closed.
[2014.09.27-18.01.31:212][ 47]LogModuleManager: Shutting down and abandoning module AndroidDeviceDetection (161)
[2014.09.27-18.01.31:213][ 47]LogModuleManager: Shutting down and abandoning module HTTP (160)
[2014.09.27-18.01.31:213][ 47]LogModuleManager: Shutting down and abandoning module CrashTracker (159)
[2014.09.27-18.01.31:213][ 47]LogModuleManager: Shutting down and abandoning module SuperSearch (158)
[2014.09.27-18.01.31:213][ 47]LogModuleManager: Shutting down and abandoning module SceneOutliner (157)
[2014.09.27-18.01.31:213][ 47]LogModuleManager: Shutting down and abandoning module EditorWidgets (156)
[2014.09.27-18.01.31:213][ 47]LogModuleManager: Shutting down and abandoning module CollectionManager (155)
[2014.09.27-18.01.31:213][ 47]LogModuleManager: Shutting down and abandoning module StatsViewer (154)
[2014.09.27-18.01.31:213][ 47]LogModuleManager: Shutting down and abandoning module FoliageEdit (153)
[2014.09.27-18.01.31:213][ 47]LogModuleManager: Shutting down and abandoning module LandscapeEditor (152)
[2014.09.27-18.01.31:213][ 47]LogModuleManager: Shutting down and abandoning module MeshPaint (151)
[2014.09.27-18.01.31:213][ 47]LogModuleManager: Shutting down and abandoning module ActorPickerMode (150)
[2014.09.27-18.01.31:213][ 47]LogModuleManager: Shutting down and abandoning module GeometryMode (149)
[2014.09.27-18.01.31:213][ 47]LogModuleManager: Shutting down and abandoning module TextureAlignMode (148)
[2014.09.27-18.01.31:213][ 47]LogModuleManager: Shutting down and abandoning module BspMode (147)
[2014.09.27-18.01.31:213][ 47]LogModuleManager: Shutting down and abandoning module PlacementMode (146)
[2014.09.27-18.01.31:213][ 47]LogModuleManager: Shutting down and abandoning module DesktopPlatform (145)
[2014.09.27-18.01.31:213][ 47]LogModuleManager: Shutting down and abandoning module AutomationWorker (144)
[2014.09.27-18.01.31:213][ 47]LogModuleManager: Shutting down and abandoning module EditorLiveStreaming (143)
[2014.09.27-18.01.31:213][ 47]LogModuleManager: Shutting down and abandoning module BehaviorTreeEditor (142)
[2014.09.27-18.01.31:213][ 47]LogModuleManager: Shutting down and abandoning module DeviceProfileEditor (141)
[2014.09.27-18.01.31:213][ 47]LogModuleManager: Shutting down and abandoning module UndoHistory (140)
[2014.09.27-18.01.31:213][ 47]LogModuleManager: Shutting down and abandoning module GameplayTagsEditor (139)
[2014.09.27-18.01.31:213][ 47]LogModuleManager: Shutting down and abandoning module UserFeedback (138)
[2014.09.27-18.01.31:213][ 47]LogModuleManager: Shutting down and abandoning module XmlParser (137)
[2014.09.27-18.01.31:213][ 47]LogModuleManager: Shutting down and abandoning module Blutility (136)
[2014.09.27-18.01.31:213][ 47]LogModuleManager: Shutting down and abandoning module IOSPlatformEditor (135)
[2014.09.27-18.01.31:213][ 47]LogModuleManager: Shutting down and abandoning module IOSRuntimeSettings (134)
[2014.09.27-18.01.31:213][ 47]LogModuleManager: Shutting down and abandoning module AndroidPlatformEditor (133)
[2014.09.27-18.01.31:213][ 47]LogModuleManager: Shutting down and abandoning module AndroidRuntimeSettings (132)
[2014.09.27-18.01.31:213][ 47]LogModuleManager: Shutting down and abandoning module ProjectTargetPlatformEditor (131)
[2014.09.27-18.01.31:213][ 47]LogModuleManager: Shutting down and abandoning module ProjectSettingsViewer (130)
[2014.09.27-18.01.31:213][ 47]LogModuleManager: Shutting down and abandoning module InputBindingEditor (129)
[2014.09.27-18.01.31:213][ 47]LogModuleManager: Shutting down and abandoning module EditorSettingsViewer (128)
[2014.09.27-18.01.31:213][ 47]LogModuleManager: Shutting down and abandoning module SettingsEditor (127)
[2014.09.27-18.01.31:213][ 47]LogModuleManager: Shutting down and abandoning module SessionLauncher (126)
[2014.09.27-18.01.31:213][ 47]LogModuleManager: Shutting down and abandoning module SessionFrontend (125)
[2014.09.27-18.01.31:213][ 47]LogModuleManager: Shutting down and abandoning module ProfilerClient (124)
[2014.09.27-18.01.31:213][ 47]LogModuleManager: Shutting down and abandoning module TargetDeviceServices (123)
[2014.09.27-18.01.31:213][ 47]LogModuleManager: Shutting down and abandoning module DeviceManager (122)
[2014.09.27-18.01.31:213][ 47]LogModuleManager: Shutting down and abandoning module AutomationController (121)
[2014.09.27-18.01.31:213][ 47]LogModuleManager: Shutting down and abandoning module AutomationWindow (120)
[2014.09.27-18.01.31:213][ 47]LogModuleManager: Shutting down and abandoning module Layers (119)
[2014.09.27-18.01.31:213][ 47]LogModuleManager: Shutting down and abandoning module ComponentVisualizers (118)
[2014.09.27-18.01.31:213][ 47]LogModuleManager: Shutting down and abandoning module DetailCustomizations (117)
[2014.09.27-18.01.31:213][ 47]LogModuleManager: Shutting down and abandoning module PackagesDialog (116)
[2014.09.27-18.01.31:213][ 47]LogModuleManager: Shutting down and abandoning module DirectoryWatcher (115)
[2014.09.27-18.01.31:213][ 47]LogModuleManager: Shutting down and abandoning module AssetRegistry (114)
[2014.09.27-18.01.31:314][ 47]LogModuleManager: Shutting down and abandoning module Persona (113)
[2014.09.27-18.01.31:314][ 47]LogModuleManager: Shutting down and abandoning module GraphEditor (112)
[2014.09.27-18.01.31:314][ 47]LogModuleManager: Shutting down and abandoning module ClassViewer (111)
[2014.09.27-18.01.31:314][ 47]LogModuleManager: Shutting down and abandoning module Toolbox (110)
[2014.09.27-18.01.31:314][ 47]LogModuleManager: Shutting down and abandoning module ModuleUI (109)
[2014.09.27-18.01.31:314][ 47]LogModuleManager: Shutting down and abandoning module MovieSceneTools (108)
[2014.09.27-18.01.31:314][ 47]LogModuleManager: Shutting down and abandoning module OutputLog (107)
[2014.09.27-18.01.31:314][ 47]LogModuleManager: Shutting down and abandoning module GammaUI (106)
[2014.09.27-18.01.31:314][ 47]LogModuleManager: Shutting down and abandoning module Documentation (105)
[2014.09.27-18.01.31:314][ 47]LogModuleManager: Shutting down and abandoning module GameLiveStreaming (104)
[2014.09.27-18.01.31:314][ 47]LogModuleManager: Shutting down and abandoning module StreamingPauseRendering (103)
[2014.09.27-18.01.31:314][ 47]LogModuleManager: Shutting down and abandoning module AnalyticsET (102)
[2014.09.27-18.01.31:314][ 47]LogModuleManager: Shutting down and abandoning module Analytics (101)
[2014.09.27-18.01.31:314][ 47]LogModuleManager: Shutting down and abandoning module GameplayDebugger (100)
[2014.09.27-18.01.31:314][ 47]LogModuleManager: Shutting down and abandoning module AIModule (99)
[2014.09.27-18.01.31:314][ 47]LogModuleManager: Shutting down and abandoning module ProfilerService (98)
[2014.09.27-18.01.31:530][ 47]LogModuleManager: Shutting down and abandoning module TaskGraph (97)
[2014.09.27-18.01.31:530][ 47]LogModuleManager: Shutting down and abandoning module SlateRemote (96)
[2014.09.27-18.01.31:530][ 47]LogModuleManager: Shutting down and abandoning module ScriptEditorPlugin (95)
[2014.09.27-18.01.31:530][ 47]LogModuleManager: Shutting down and abandoning module CustomMeshComponent (94)
[2014.09.27-18.01.31:530][ 47]LogModuleManager: Shutting down and abandoning module CableComponent (93)
[2014.09.27-18.01.31:530][ 47]LogModuleManager: Shutting down and abandoning module MessagingDebugger (92)
[2014.09.27-18.01.31:530][ 47]LogModuleManager: Shutting down and abandoning module ViewportSnapping (91)
[2014.09.27-18.01.31:530][ 47]LogModuleManager: Shutting down and abandoning module SmartSnapping (90)
[2014.09.27-18.01.31:530][ 47]LogModuleManager: Shutting down and abandoning module PaperTiledImporter (89)
[2014.09.27-18.01.31:530][ 47]LogModuleManager: Shutting down and abandoning module PaperJsonImporter (88)
[2014.09.27-18.01.31:530][ 47]LogModuleManager: Shutting down and abandoning module GameProjectGeneration (87)
[2014.09.27-18.01.31:530][ 47]LogModuleManager: Shutting down and abandoning module Matinee (86)
[2014.09.27-18.01.31:530][ 47]LogModuleManager: Shutting down and abandoning module Kismet (85)
[2014.09.27-18.01.31:530][ 47]LogModuleManager: Shutting down and abandoning module SlateReflector (84)
[2014.09.27-18.01.31:530][ 47]LogModuleManager: Shutting down and abandoning module LevelEditor (83)
[2014.09.27-18.01.31:531][ 47]LogModuleManager: Shutting down and abandoning module IntroTutorials (82)
[2014.09.27-18.01.31:531][ 47]LogModuleManager: Shutting down and abandoning module ContentBrowser (81)
[2014.09.27-18.01.31:531][ 47]LogModuleManager: Shutting down and abandoning module PropertyEditor (80)
[2014.09.27-18.01.31:531][ 47]LogModuleManager: Shutting down and abandoning module Paper2DEditor (79)
[2014.09.27-18.01.31:531][ 47]LogModuleManager: Shutting down and abandoning module SpeedTreeImporter (78)
[2014.09.27-18.01.31:531][ 47]LogModuleManager: Shutting down and abandoning module PluginsEditor (77)
[2014.09.27-18.01.31:531][ 47]LogModuleManager: Shutting down and abandoning module MainFrame (76)
[2014.09.27-18.01.31:531][ 47]LogModuleManager: Shutting down and abandoning module EpicSurvey (75)
[2014.09.27-18.01.31:531][ 47]LogModuleManager: Shutting down and abandoning module VisualStudioSourceCodeAccess (74)
[2014.09.27-18.01.31:531][ 47]LogModuleManager: Shutting down and abandoning module UObjectPlugin (73)
[2014.09.27-18.01.31:531][ 47]LogModuleManager: Shutting down and abandoning module SubversionSourceControl (72)
[2014.09.27-18.01.31:531][ 47]LogModuleManager: Shutting down and abandoning module SourceControl (71)
[2014.09.27-18.01.31:531][ 47]LogModuleManager: Shutting down and abandoning module PerforceSourceControl (70)
[2014.09.27-18.01.31:531][ 47]LogModuleManager: Shutting down and abandoning module BlankPlugin (69)
[2014.09.27-18.01.31:531][ 47]LogModuleManager: Shutting down and abandoning module ScriptPlugin (68)
[2014.09.27-18.01.31:531][ 47]LogModuleManager: Shutting down and abandoning module UdpMessaging (67)
[2014.09.27-18.01.31:631][ 47]LogModuleManager: Shutting down and abandoning module Paper2D (66)
[2014.09.27-18.01.31:631][ 47]LogModuleManager: Shutting down and abandoning module WindowsMoviePlayer (65)
[2014.09.27-18.01.31:633][ 47]LogModuleManager: Shutting down and abandoning module ImageWrapper (64)
[2014.09.27-18.01.31:633][ 47]LogModuleManager: Shutting down and abandoning module OnlineBlueprintSupport (63)
[2014.09.27-18.01.31:633][ 47]LogModuleManager: Shutting down and abandoning module FunctionalTesting (62)
[2014.09.27-18.01.31:633][ 47]LogModuleManager: Shutting down and abandoning module CollisionAnalyzer (61)
[2014.09.27-18.01.31:633][ 47]LogModuleManager: Shutting down and abandoning module WorkspaceMenuStructure (60)
[2014.09.27-18.01.31:633][ 47]LogModuleManager: Shutting down and abandoning module MessageLog (59)
[2014.09.27-18.01.31:633][ 47]LogModuleManager: Shutting down and abandoning module Sequencer (58)
[2014.09.27-18.01.31:633][ 47]LogModuleManager: Shutting down and abandoning module AssetTools (57)
[2014.09.27-18.01.31:633][ 47]LogModuleManager: Shutting down and abandoning module UMGEditor (56)
[2014.09.27-18.01.31:633][ 47]LogModuleManager: Shutting down and abandoning module UMG (55)
[2014.09.27-18.01.31:634][ 47]LogModuleManager: Shutting down and abandoning module Slate (54)
[2014.09.27-18.01.31:634][ 47]LogModuleManager: Shutting down and abandoning module EditorStyle (53)
[2014.09.27-18.01.31:635][ 47]LogModuleManager: Shutting down and abandoning module SessionServices (52)
[2014.09.27-18.01.31:635][ 47]LogModuleManager: Shutting down and abandoning module SourceCodeAccess (51)
[2014.09.27-18.01.31:635][ 47]LogModuleManager: Shutting down and abandoning module HeadMountedDisplay (50)
[2014.09.27-18.01.31:635][ 47]LogModuleManager: Shutting down and abandoning module XAudio2 (49)
[2014.09.27-18.01.31:635][ 47]LogModuleManager: Shutting down and abandoning module Networking (47)
[2014.09.27-18.01.31:635][ 47]LogModuleManager: Shutting down and abandoning module Core (46)
[2014.09.27-18.01.31:635][ 47]LogModuleManager: Shutting down and abandoning module KismetCompiler (45)
[2014.09.27-18.01.31:635][ 47]LogModuleManager: Shutting down and abandoning module PhysXFormats (44)
[2014.09.27-18.01.31:635][ 47]LogModuleManager: Shutting down and abandoning module MeshUtilities (43)
[2014.09.27-18.01.31:635][ 47]LogModuleManager: Shutting down and abandoning module DerivedDataCache (42)
[2014.09.27-18.01.31:940][ 47]LogDerivedDataCache: Shutdown
[2014.09.27-18.01.31:940][ 47]LogModuleManager: Shutting down and abandoning module ShaderFormatOpenGL (41)
[2014.09.27-18.01.31:940][ 47]LogModuleManager: Shutting down and abandoning module ShaderFormatD3D (40)
[2014.09.27-18.01.31:940][ 47]LogModuleManager: Shutting down and abandoning module MetalShaderFormat (39)
[2014.09.27-18.01.31:940][ 47]LogModuleManager: Shutting down and abandoning module TextureFormatUncompressed (38)
[2014.09.27-18.01.31:940][ 47]LogModuleManager: Shutting down and abandoning module TextureFormatPVR (37)
[2014.09.27-18.01.31:940][ 47]LogModuleManager: Shutting down and abandoning module TextureFormatDXT (36)
[2014.09.27-18.01.31:940][ 47]LogModuleManager: Shutting down and abandoning module TextureFormatAndroid (35)
[2014.09.27-18.01.31:940][ 47]LogModuleManager: Shutting down and abandoning module AudioFormatOpus (34)
[2014.09.27-18.01.31:940][ 47]LogModuleManager: Shutting down and abandoning module AudioFormatOgg (33)
[2014.09.27-18.01.31:940][ 47]LogModuleManager: Shutting down and abandoning module AudioFormatADPCM (32)
[2014.09.27-18.01.31:940][ 47]LogModuleManager: Shutting down and abandoning module Messaging (31)
[2014.09.27-18.01.31:940][ 47]LogModuleManager: Shutting down and abandoning module IOSTargetPlatform (30)
[2014.09.27-18.01.31:940][ 47]LogModuleManager: Shutting down and abandoning module Android_PVRTCTargetPlatform (29)
[2014.09.27-18.01.31:940][ 47]LogModuleManager: Shutting down and abandoning module Android_ETC2TargetPlatform (28)
[2014.09.27-18.01.31:940][ 47]LogModuleManager: Shutting down and abandoning module Android_ETC1TargetPlatform (27)
[2014.09.27-18.01.31:940][ 47]LogModuleManager: Shutting down and abandoning module Android_DXTTargetPlatform (26)
[2014.09.27-18.01.31:940][ 47]LogModuleManager: Shutting down and abandoning module Android_ATCTargetPlatform (25)
[2014.09.27-18.01.31:940][ 47]LogModuleManager: Shutting down and abandoning module AndroidTargetPlatform (24)
[2014.09.27-18.01.31:940][ 47]LogModuleManager: Shutting down and abandoning module WindowsTargetPlatform (23)
[2014.09.27-18.01.31:940][ 47]LogModuleManager: Shutting down and abandoning module WindowsServerTargetPlatform (22)
[2014.09.27-18.01.31:940][ 47]LogModuleManager: Shutting down and abandoning module WindowsNoEditorTargetPlatform (21)
[2014.09.27-18.01.31:940][ 47]LogModuleManager: Shutting down and abandoning module WindowsClientTargetPlatform (20)
[2014.09.27-18.01.31:940][ 47]LogModuleManager: Shutting down and abandoning module TargetPlatform (19)
[2014.09.27-18.01.31:940][ 47]LogModuleManager: Shutting down and abandoning module InputCore (18)
[2014.09.27-18.01.31:940][ 47]LogModuleManager: Shutting down and abandoning module Settings (17)
[2014.09.27-18.01.31:940][ 47]LogModuleManager: Shutting down and abandoning module ExampleDeviceProfileSelector (14)
[2014.09.27-18.01.31:940][ 47]LogModuleManager: Shutting down and abandoning module OculusRift (13)
[2014.09.27-18.01.31:940][ 47]LogModuleManager: Shutting down and abandoning module TextureCompressor (12)
[2014.09.27-18.01.31:940][ 47]LogModuleManager: Shutting down and abandoning module ShaderCore (11)
[2014.09.27-18.01.31:940][ 47]LogModuleManager: Shutting down and abandoning module OpenGLDrv (10)
[2014.09.27-18.01.31:940][ 47]LogModuleManager: Shutting down and abandoning module D3D11RHI (9)
[2014.09.27-18.01.31:940][ 47]LogModuleManager: Shutting down and abandoning module SlateRHIRenderer (8)
[2014.09.27-18.01.31:940][ 47]LogModuleManager: Shutting down and abandoning module Renderer (7)
[2014.09.27-18.01.31:940][ 47]LogModuleManager: Shutting down and abandoning module Engine (6)
[2014.09.27-18.01.31:940][ 47]LogModuleManager: Shutting down and abandoning module CoreUObject (5)
[2014.09.27-18.01.31:940][ 47]LogModuleManager: Shutting down and abandoning module NetworkFile (4)
[2014.09.27-18.01.31:940][ 47]LogModuleManager: Shutting down and abandoning module StreamingFile (3)
[2014.09.27-18.01.31:940][ 47]LogModuleManager: Shutting down and abandoning module SandboxFile (2)
[2014.09.27-18.01.31:940][ 47]LogModuleManager: Shutting down and abandoning module PakFile (1)
[2014.09.27-18.01.31:940][ 47]LogExit: Exiting.
[2014.09.27-18.01.31:942][ 47]Log file closed, 09/27/14 20:01:31
